<?xml version="1.0" encoding="UTF-8" ?>
<testsuite tests="1" failures="1" name="TestSuite" time="34.472" errors="0" skipped="0">
  <properties>
[...]
</properties>
  <testcase classname="com.ovo.app.OVOLogin.LoginFlowTest" name="loginFlow" time="34.472">
    <failure message="androidx.test.uiautomator.StaleObjectException
	at androidx.test.uiautomator.UiObject2.getAccessibilityNodeInfo(UiObject2.java:647)
	at androidx.test.uiautomator.UiObject2.hashCode(UiObject2.java:105)
	at java.lang.Object.toString(Object.java:273)
	at java.util.Formatter$FormatSpecifier.printString(Formatter.java:2977)
	at java.util.Formatter$FormatSpecifier.print(Formatter.java:2854)
	at java.util.Formatter.format(Formatter.java:2523)
	at java.util.Formatter.format(Formatter.java:2458)
	at java.lang.String.format(String.java:2842)
	at io.appium.uiautomator2.utils.ReflectionUtils.invoke(ReflectionUtils.java:71)
	at io.appium.uiautomator2.core.AccessibilityNodeInfoGetter.fromUiObject(AccessibilityNodeInfoGetter.java:47)
	at io.appium.uiautomator2.core.AccessibilityNodeInfoGetter.fromUiObject(AccessibilityNodeInfoGetter.java:41)
	at io.appium.uiautomator2.utils.ElementHelpers.getText(ElementHelpers.java:234)
	at io.appium.uiautomator2.utils.ElementHelpers.getText(ElementHelpers.java:217)
	at io.appium.uiautomator2.model.UiObject2Element.getText(UiObject2Element.java:73)
	at io.appium.uiautomator2.handler.SendKeysToElement.isTextFieldNotClear(SendKeysToElement.java:48)
	at io.appium.uiautomator2.handler.SendKeysToElement.safeHandle(SendKeysToElement.java:87)
	at io.appium.uiautomator2.handler.request.SafeRequestHandler.handle(SafeRequestHandler.java:37)
	at io.appium.uiautomator2.server.AppiumServlet.handleRequest(AppiumServlet.java:252)
	at io.appium.uiautomator2.server.AppiumServlet.handleHttpRequest(AppiumServlet.java:243)
	at io.appium.uiautomator2.http.ServerHandler.channelRead(ServerHandler.java:44)
	at io.netty.channel.AbstractChannelHandlerContext.invokeChannelRead(AbstractChannelHandlerContext.java:366)
	at io.netty.channel.AbstractChannelHandlerContext.invokeChannelRead(AbstractChannelHandlerContext.java:352)
	at io.netty.channel.AbstractChannelHandlerContext.fireChannelRead(AbstractChannelHandlerContext.java:345)
	at io.netty.handler.codec.MessageToMessageDecoder.channelRead(MessageToMessageDecoder.java:102)
	at io.netty.channel.AbstractChannelHandlerContext.invokeChannelRead(AbstractChannelHandlerContext.java:366)
	at io.netty.channel.AbstractChannelHandlerContext.invokeChannelRead(AbstractChannelHandlerContext.java:352)
	at io.netty.channel.AbstractChannelHandlerContext.fireChannelRead(AbstractChannelHandlerContext.java:345)
	at io.netty.channel.CombinedChannelDuplexHandler$DelegatingChannelHandlerContext.fireChannelRead(CombinedChannelDuplexHandler.java:435)
	at io.netty.handler.codec.ByteToMessageDecoder.fireChannelRead(ByteToMessageDecoder.java:293)
	at io.netty.handler.codec.ByteToMessageDecoder.channelRead(ByteToMessageDecoder.java:267)
	at io.netty.channel.CombinedChannelDuplexHandler.channelRead(CombinedChannelDuplexHandler.java:250)
	at io.netty.channel.AbstractChannelHandlerContext.invokeChannelRead(AbstractChannelHandlerContext.java:366)
	at io.netty.channel.AbstractChannelHandlerContext.invokeChannelRead(AbstractChannelHandlerContext.java:352)
	at io.netty.channel.AbstractChannelHandlerContext.fireChannelRead(AbstractChannelHandlerContext.java:345)
	at io.netty.channel.DefaultChannelPipeline$HeadContext.channelRead(DefaultChannelPipeline.java:1294)
	at io.netty.channel.AbstractChannelHandlerContext.invokeChannelRead(AbstractChannelHandlerContext.java:366)
	at io.netty.channel.AbstractChannelHandlerContext.invokeChannelRead(AbstractChannelHandlerContext.java:352)
	at io.netty.channel.DefaultChannelPipeline.fireChannelRead(DefaultChannelPipeline.java:911)
	at io.netty.channel.nio.AbstractNioByteChannel$NioByteUnsafe.read(AbstractNioByteChannel.java:131)
	at io.netty.channel.nio.NioEventLoop.processSelectedKey(NioEventLoop.java:611)
	at io.netty.channel.nio.NioEventLoop.processSelectedKeysOptimized(NioEventLoop.java:552)
	at io.netty.channel.nio.NioEventLoop.processSelectedKeys(NioEventLoop.java:466)
	at io.netty.channel.nio.NioEventLoop.run(NioEventLoop.java:438)
	at io.netty.util.concurrent.SingleThreadEventExecutor$2.run(SingleThreadEventExecutor.java:140)
	at io.netty.util.concurrent.DefaultThreadFactory$DefaultRunnableDecorator.run(DefaultThreadFactory.java:144)
	at java.lang.Thread.run(Thread.java:764)

For documentation on this error, please visit: https://www.seleniumhq.org/exceptions/stale_element_reference.html
Build info: version: &apos;3.141.59&apos;, revision: &apos;e82be7d358&apos;, time: &apos;2018-11-14T08:17:03&apos;
System info: host: &apos;DESKTOP-HLAKMTS&apos;, ip: &apos;192.168.43.160&apos;, os.name: &apos;Windows 10&apos;, os.arch: &apos;amd64&apos;, os.version: &apos;10.0&apos;, java.version: &apos;1.8.0_162&apos;
Driver info: io.appium.java_client.android.AndroidDriver
Capabilities {app: D:\Lesson\Appium\Project\1...., appPackage: ovo.id, automationName: uiautomator2, databaseEnabled: false, desired: {app: D:\Lesson\Appium\Project\1...., automationName: uiautomator2, deviceName: Samsung SM-G960F, newCommandTimeout: 14, platformName: android}, deviceApiLevel: 28, deviceManufacturer: samsung, deviceModel: SM-G960F, deviceName: 2283d4de36047ece, deviceScreenDensity: 480, deviceScreenSize: 1080x2220, deviceUDID: 2283d4de36047ece, javascriptEnabled: true, locationContextEnabled: false, networkConnectionEnabled: true, newCommandTimeout: 14, pixelRatio: 3, platform: LINUX, platformName: Android, platformVersion: 9, statBarHeight: 72, takesScreenshot: true, viewportRect: {height: 2103, left: 0, top: 72, width: 1080}, warnings: {}, webStorageEnabled: false}
Session ID: 8a14b0c9-3063-4488-bc3e-071f8a5e88d3" type="org.openqa.selenium.StaleElementReferenceException">org.openqa.selenium.StaleElementReferenceException: androidx.test.uiautomator.StaleObjectException
	at androidx.test.uiautomator.UiObject2.getAccessibilityNodeInfo(UiObject2.java:647)
	at androidx.test.uiautomator.UiObject2.hashCode(UiObject2.java:105)
	at java.lang.Object.toString(Object.java:273)
	at java.util.Formatter$FormatSpecifier.printString(Formatter.java:2977)
	at java.util.Formatter$FormatSpecifier.print(Formatter.java:2854)
	at java.util.Formatter.format(Formatter.java:2523)
	at java.util.Formatter.format(Formatter.java:2458)
	at java.lang.String.format(String.java:2842)
	at io.appium.uiautomator2.utils.ReflectionUtils.invoke(ReflectionUtils.java:71)
	at io.appium.uiautomator2.core.AccessibilityNodeInfoGetter.fromUiObject(AccessibilityNodeInfoGetter.java:47)
	at io.appium.uiautomator2.core.AccessibilityNodeInfoGetter.fromUiObject(AccessibilityNodeInfoGetter.java:41)
	at io.appium.uiautomator2.utils.ElementHelpers.getText(ElementHelpers.java:234)
	at io.appium.uiautomator2.utils.ElementHelpers.getText(ElementHelpers.java:217)
	at io.appium.uiautomator2.model.UiObject2Element.getText(UiObject2Element.java:73)
	at io.appium.uiautomator2.handler.SendKeysToElement.isTextFieldNotClear(SendKeysToElement.java:48)
	at io.appium.uiautomator2.handler.SendKeysToElement.safeHandle(SendKeysToElement.java:87)
	at io.appium.uiautomator2.handler.request.SafeRequestHandler.handle(SafeRequestHandler.java:37)
	at io.appium.uiautomator2.server.AppiumServlet.handleRequest(AppiumServlet.java:252)
	at io.appium.uiautomator2.server.AppiumServlet.handleHttpRequest(AppiumServlet.java:243)
	at io.appium.uiautomator2.http.ServerHandler.channelRead(ServerHandler.java:44)
	at io.netty.channel.AbstractChannelHandlerContext.invokeChannelRead(AbstractChannelHandlerContext.java:366)
	at io.netty.channel.AbstractChannelHandlerContext.invokeChannelRead(AbstractChannelHandlerContext.java:352)
	at io.netty.channel.AbstractChannelHandlerContext.fireChannelRead(AbstractChannelHandlerContext.java:345)
	at io.netty.handler.codec.MessageToMessageDecoder.channelRead(MessageToMessageDecoder.java:102)
	at io.netty.channel.AbstractChannelHandlerContext.invokeChannelRead(AbstractChannelHandlerContext.java:366)
	at io.netty.channel.AbstractChannelHandlerContext.invokeChannelRead(AbstractChannelHandlerContext.java:352)
	at io.netty.channel.AbstractChannelHandlerContext.fireChannelRead(AbstractChannelHandlerContext.java:345)
	at io.netty.channel.CombinedChannelDuplexHandler$DelegatingChannelHandlerContext.fireChannelRead(CombinedChannelDuplexHandler.java:435)
	at io.netty.handler.codec.ByteToMessageDecoder.fireChannelRead(ByteToMessageDecoder.java:293)
	at io.netty.handler.codec.ByteToMessageDecoder.channelRead(ByteToMessageDecoder.java:267)
	at io.netty.channel.CombinedChannelDuplexHandler.channelRead(CombinedChannelDuplexHandler.java:250)
	at io.netty.channel.AbstractChannelHandlerContext.invokeChannelRead(AbstractChannelHandlerContext.java:366)
	at io.netty.channel.AbstractChannelHandlerContext.invokeChannelRead(AbstractChannelHandlerContext.java:352)
	at io.netty.channel.AbstractChannelHandlerContext.fireChannelRead(AbstractChannelHandlerContext.java:345)
	at io.netty.channel.DefaultChannelPipeline$HeadContext.channelRead(DefaultChannelPipeline.java:1294)
	at io.netty.channel.AbstractChannelHandlerContext.invokeChannelRead(AbstractChannelHandlerContext.java:366)
	at io.netty.channel.AbstractChannelHandlerContext.invokeChannelRead(AbstractChannelHandlerContext.java:352)
	at io.netty.channel.DefaultChannelPipeline.fireChannelRead(DefaultChannelPipeline.java:911)
	at io.netty.channel.nio.AbstractNioByteChannel$NioByteUnsafe.read(AbstractNioByteChannel.java:131)
	at io.netty.channel.nio.NioEventLoop.processSelectedKey(NioEventLoop.java:611)
	at io.netty.channel.nio.NioEventLoop.processSelectedKeysOptimized(NioEventLoop.java:552)
	at io.netty.channel.nio.NioEventLoop.processSelectedKeys(NioEventLoop.java:466)
	at io.netty.channel.nio.NioEventLoop.run(NioEventLoop.java:438)
	at io.netty.util.concurrent.SingleThreadEventExecutor$2.run(SingleThreadEventExecutor.java:140)
	at io.netty.util.concurrent.DefaultThreadFactory$DefaultRunnableDecorator.run(DefaultThreadFactory.java:144)
	at java.lang.Thread.run(Thread.java:764)
For documentation on this error, please visit: https://www.seleniumhq.org/exceptions/stale_element_reference.html
Build info: version: &apos;3.141.59&apos;, revision: &apos;e82be7d358&apos;, time: &apos;2018-11-14T08:17:03&apos;
System info: host: &apos;DESKTOP-HLAKMTS&apos;, ip: &apos;192.168.43.160&apos;, os.name: &apos;Windows 10&apos;, os.arch: &apos;amd64&apos;, os.version: &apos;10.0&apos;, java.version: &apos;1.8.0_162&apos;
Driver info: io.appium.java_client.android.AndroidDriver
Capabilities {app: D:\Lesson\Appium\Project\1...., appPackage: ovo.id, automationName: uiautomator2, databaseEnabled: false, desired: {app: D:\Lesson\Appium\Project\1...., automationName: uiautomator2, deviceName: Samsung SM-G960F, newCommandTimeout: 14, platformName: android}, deviceApiLevel: 28, deviceManufacturer: samsung, deviceModel: SM-G960F, deviceName: 2283d4de36047ece, deviceScreenDensity: 480, deviceScreenSize: 1080x2220, deviceUDID: 2283d4de36047ece, javascriptEnabled: true, locationContextEnabled: false, networkConnectionEnabled: true, newCommandTimeout: 14, pixelRatio: 3, platform: LINUX, platformName: Android, platformVersion: 9, statBarHeight: 72, takesScreenshot: true, viewportRect: {height: 2103, left: 0, top: 72, width: 1080}, warnings: {}, webStorageEnabled: false}
Session ID: 8a14b0c9-3063-4488-bc3e-071f8a5e88d3
	at sun.reflect.NativeConstructorAccessorImpl.newInstance0(Native Method)
	at sun.reflect.NativeConstructorAccessorImpl.newInstance(NativeConstructorAccessorImpl.java:62)
	at sun.reflect.DelegatingConstructorAccessorImpl.newInstance(DelegatingConstructorAccessorImpl.java:45)
	at java.lang.reflect.Constructor.newInstance(Constructor.java:423)
	at org.openqa.selenium.remote.http.W3CHttpResponseCodec.createException(W3CHttpResponseCodec.java:187)
	at org.openqa.selenium.remote.http.W3CHttpResponseCodec.decode(W3CHttpResponseCodec.java:122)
	at org.openqa.selenium.remote.http.W3CHttpResponseCodec.decode(W3CHttpResponseCodec.java:49)
	at org.openqa.selenium.remote.HttpCommandExecutor.execute(HttpCommandExecutor.java:158)
	at io.appium.java_client.remote.AppiumCommandExecutor.execute(AppiumCommandExecutor.java:239)
	at org.openqa.selenium.remote.RemoteWebDriver.execute(RemoteWebDriver.java:552)
	at io.appium.java_client.DefaultGenericMobileDriver.execute(DefaultGenericMobileDriver.java:42)
	at io.appium.java_client.AppiumDriver.execute(AppiumDriver.java:1)
	at io.appium.java_client.android.AndroidDriver.execute(AndroidDriver.java:1)
	at org.openqa.selenium.remote.RemoteWebElement.execute(RemoteWebElement.java:285)
	at io.appium.java_client.DefaultGenericMobileElement.execute(DefaultGenericMobileElement.java:45)
	at io.appium.java_client.MobileElement.execute(MobileElement.java:1)
	at io.appium.java_client.android.AndroidElement.execute(AndroidElement.java:1)
	at org.openqa.selenium.remote.RemoteWebElement.sendKeys(RemoteWebElement.java:106)
	at sun.reflect.NativeMethodAccessorImpl.invoke0(Native Method)
	at sun.reflect.NativeMethodAccessorImpl.invoke(NativeMethodAccessorImpl.java:62)
	at sun.reflect.DelegatingMethodAccessorImpl.invoke(DelegatingMethodAccessorImpl.java:43)
	at java.lang.reflect.Method.invoke(Method.java:498)
	at io.appium.java_client.pagefactory.ElementInterceptor.getObject(ElementInterceptor.java:40)
	at io.appium.java_client.pagefactory.interceptors.InterceptorOfASingleElement.intercept(InterceptorOfASingleElement.java:60)
	at io.appium.java_client.android.AndroidElement$$EnhancerByCGLIB$$b598166c.sendKeys(&lt;generated&gt;)
	at com.ovo.app.OVOLogin.LoginFlowTest.loginFlow(LoginFlowTest.java:59)
</failure>
    <system-out>Configuring TestNG with: org.apache.maven.surefire.testng.conf.TestNG652Configurator@75828a0f
&amp;#27;[35m[Appium]&amp;#27;[39m Welcome to Appium v1.14.1
&amp;#27;[35m[Appium]&amp;#27;[39m Appium REST http interface listener started on 0.0.0.0:4723
&amp;#27;[35m[HTTP]&amp;#27;[39m &amp;#27;[37m--&gt;&amp;#27;[39m &amp;#27;[37mGET&amp;#27;[39m &amp;#27;[37m/wd/hub/status&amp;#27;[39m
&amp;#27;[35m[HTTP]&amp;#27;[39m &amp;#27;[90m{}&amp;#27;[39m
[debug] &amp;#27;[35m[GENERIC]&amp;#27;[39m Calling AppiumDriver.getStatus() with args: []
[debug] &amp;#27;[35m[GENERIC]&amp;#27;[39m Responding to client with driver.getStatus() result: {&quot;build&quot;:{&quot;version&quot;:&quot;1.14.1&quot;}}
&amp;#27;[35m[HTTP]&amp;#27;[39m &amp;#27;[37m&lt;-- GET /wd/hub/status &amp;#27;[39m&amp;#27;[32m200&amp;#27;[39m &amp;#27;[90m12 ms - 68&amp;#27;[39m
&amp;#27;[35m[HTTP]&amp;#27;[39m &amp;#27;[90m&amp;#27;[39m
&amp;#27;[35m[HTTP]&amp;#27;[39m &amp;#27;[37m--&gt;&amp;#27;[39m &amp;#27;[37mGET&amp;#27;[39m &amp;#27;[37m/wd/hub/status&amp;#27;[39m
&amp;#27;[35m[HTTP]&amp;#27;[39m &amp;#27;[90m{}&amp;#27;[39m
[debug] &amp;#27;[35m[GENERIC]&amp;#27;[39m Calling AppiumDriver.getStatus() with args: []
[debug] &amp;#27;[35m[GENERIC]&amp;#27;[39m Responding to client with driver.getStatus() result: {&quot;build&quot;:{&quot;version&quot;:&quot;1.14.1&quot;}}
&amp;#27;[35m[HTTP]&amp;#27;[39m &amp;#27;[37m&lt;-- GET /wd/hub/status &amp;#27;[39m&amp;#27;[32m200&amp;#27;[39m &amp;#27;[90m2 ms - 68&amp;#27;[39m
&amp;#27;[35m[HTTP]&amp;#27;[39m &amp;#27;[90m&amp;#27;[39m
&amp;#27;[35m[HTTP]&amp;#27;[39m &amp;#27;[37m--&gt;&amp;#27;[39m &amp;#27;[37mPOST&amp;#27;[39m &amp;#27;[37m/wd/hub/session&amp;#27;[39m
&amp;#27;[35m[HTTP]&amp;#27;[39m &amp;#27;[90m{&quot;desiredCapabilities&quot;:{&quot;app&quot;:&quot;D:\\Lesson\\Appium\\Project\\1. Eclipse\\OVOLogin\\src\\OVO_v2.13.0.apk&quot;,&quot;automationName&quot;:&quot;uiautomator2&quot;,&quot;platformName&quot;:&quot;Android&quot;,&quot;deviceName&quot;:&quot;Samsung SM-G960F&quot;,&quot;newCommandTimeout&quot;:14},&quot;capabilities&quot;:{&quot;firstMatch&quot;:[{&quot;appium:app&quot;:&quot;D:\\Lesson\\Appium\\Project\\1. Eclipse\\OVOLogin\\src\\OVO_v2.13.0.apk&quot;,&quot;appium:automationName&quot;:&quot;uiautomator2&quot;,&quot;appium:deviceName&quot;:&quot;Samsung SM-G960F&quot;,&quot;appium:newCommandTimeout&quot;:14,&quot;platformName&quot;:&quot;android&quot;}]}}&amp;#27;[39m
[debug] &amp;#27;[35m[W3C]&amp;#27;[39m Calling AppiumDriver.createSession() with args: [{&quot;app&quot;:&quot;D:\\Lesson\\Appium\\Project\\1. Eclipse\\OVOLogin\\src\\OVO_v2.13.0.apk&quot;,&quot;automationName&quot;:&quot;uiautomator2&quot;,&quot;platformName&quot;:&quot;Android&quot;,&quot;deviceName&quot;:&quot;Samsung SM-G960F&quot;,&quot;newCommandTimeout&quot;:14},null,{&quot;firstMatch&quot;:[{&quot;appium:app&quot;:&quot;D:\\Lesson\\Appium\\Project\\1. Eclipse\\OVOLogin\\src\\OVO_v2.13.0.apk&quot;,&quot;appium:automationName&quot;:&quot;uiautomator2&quot;,&quot;appium:deviceName&quot;:&quot;Samsung SM-G960F&quot;,&quot;appium:newCommandTimeout&quot;:14,&quot;platformName&quot;:&quot;android&quot;}]}]
[debug] &amp;#27;[35m[BaseDriver]&amp;#27;[39m Event &apos;newSessionRequested&apos; logged at 1566120794364 (16:33:14 GMT+0700 (Western Indonesia Time))
&amp;#27;[35m[Appium]&amp;#27;[39m Appium v1.14.1 creating new AndroidUiautomator2Driver (v1.33.1) session
&amp;#27;[35m[Appium]&amp;#27;[39m Capabilities:
&amp;#27;[35m[Appium]&amp;#27;[39m   platformName: android
&amp;#27;[35m[Appium]&amp;#27;[39m   app: D:\Lesson\Appium\Project\1. Eclipse\OVOLogin\src\OVO_v2.13.0.apk
&amp;#27;[35m[Appium]&amp;#27;[39m   automationName: uiautomator2
&amp;#27;[35m[Appium]&amp;#27;[39m   deviceName: Samsung SM-G960F
&amp;#27;[35m[Appium]&amp;#27;[39m   newCommandTimeout: 14
[debug] &amp;#27;[35m[BaseDriver]&amp;#27;[39m W3C capabilities {&quot;alwaysMatch&quot;:{&quot;platformNa... and MJSONWP desired capabilities {&quot;app&quot;:&quot;D:\\Lesson\\Appium\... were provided
[debug] &amp;#27;[35m[BaseDriver]&amp;#27;[39m Creating session with W3C capabilities: {&quot;alwaysMatch&quot;:{&quot;platformNa...
&amp;#27;[35m[BaseDriver]&amp;#27;[39m Session created with session id: 8a14b0c9-3063-4488-bc3e-071f8a5e88d3
&amp;#27;[35m[BaseDriver]&amp;#27;[39m Using local app &apos;D:\Lesson\Appium\Project\1. Eclipse\OVOLogin\src\OVO_v2.13.0.apk&apos;
[debug] &amp;#27;[35m[UiAutomator2]&amp;#27;[39m Checking whether app is actually present
&amp;#27;[35m[ADB]&amp;#27;[39m Found 2 &apos;build-tools&apos; folders under &apos;C:\Users\asus\AppData\Local\Android\Sdk&apos; (newest first):
&amp;#27;[35m[ADB]&amp;#27;[39m     C:/Users/asus/AppData/Local/Android/Sdk/build-tools/27.0.3
&amp;#27;[35m[ADB]&amp;#27;[39m     C:/Users/asus/AppData/Local/Android/Sdk/build-tools/26.0.2
&amp;#27;[35m[ADB]&amp;#27;[39m Using &apos;adb.exe&apos; from &apos;C:\Users\asus\AppData\Local\Android\Sdk\platform-tools\adb.exe&apos;
&amp;#27;[35m[AndroidDriver]&amp;#27;[39m Retrieving device list
[debug] &amp;#27;[35m[ADB]&amp;#27;[39m Trying to find a connected android device
[debug] &amp;#27;[35m[ADB]&amp;#27;[39m Getting connected devices...
[debug] &amp;#27;[35m[ADB]&amp;#27;[39m 1 device(s) connected
&amp;#27;[35m[AndroidDriver]&amp;#27;[39m Using device: 2283d4de36047ece
&amp;#27;[35m[ADB]&amp;#27;[39m Using &apos;adb.exe&apos; from &apos;C:\Users\asus\AppData\Local\Android\Sdk\platform-tools\adb.exe&apos;
[debug] &amp;#27;[35m[ADB]&amp;#27;[39m Setting device id to 2283d4de36047ece
[debug] &amp;#27;[35m[ADB]&amp;#27;[39m Running &apos;C:\Users\asus\AppData\Local\Android\Sdk\platform-tools\adb.exe -P 5037 -s 2283d4de36047ece shell getprop ro.build.version.sdk&apos;
[debug] &amp;#27;[35m[ADB]&amp;#27;[39m Current device property &apos;ro.build.version.sdk&apos;: 28
[debug] &amp;#27;[35m[ADB]&amp;#27;[39m Running &apos;C:\Users\asus\AppData\Local\Android\Sdk\platform-tools\adb.exe -P 5037 -s 2283d4de36047ece shell getprop ro.build.version.release&apos;
[debug] &amp;#27;[35m[ADB]&amp;#27;[39m Current device property &apos;ro.build.version.release&apos;: 9
[debug] &amp;#27;[35m[ADB]&amp;#27;[39m Device API level: 28
&amp;#27;[35m[UiAutomator2]&amp;#27;[39m Relaxing hidden api policy
[debug] &amp;#27;[35m[ADB]&amp;#27;[39m Running &apos;C:\Users\asus\AppData\Local\Android\Sdk\platform-tools\adb.exe -P 5037 -s 2283d4de36047ece shell settings put global hidden_api_policy_pre_p_apps 1&apos;
[debug] &amp;#27;[35m[ADB]&amp;#27;[39m Running &apos;C:\Users\asus\AppData\Local\Android\Sdk\platform-tools\adb.exe -P 5037 -s 2283d4de36047ece shell settings put global hidden_api_policy_p_apps 1&apos;
[debug] &amp;#27;[35m[ADB]&amp;#27;[39m Running &apos;C:\Users\asus\AppData\Local\Android\Sdk\platform-tools\adb.exe -P 5037 -s 2283d4de36047ece shell settings put global hidden_api_policy 1&apos;
[debug] &amp;#27;[35m[AndroidDriver]&amp;#27;[39m Parsing package and activity from app manifest
&amp;#27;[35m[ADB]&amp;#27;[39m Using the alternative activity name detection method because of: Could not find &apos;apkanalyzer.bat&apos; in [&quot;C:\\Users\\asus\\AppData\\Local\\Android\\Sdk\\platform-tools\\apkanalyzer.bat&quot;,&quot;C:\\Users\\asus\\AppData\\Local\\Android\\Sdk\\emulator\\apkanalyzer.bat&quot;,&quot;C:\\Users\\asus\\AppData\\Local\\Android\\Sdk\\tools\\apkanalyzer.bat&quot;,&quot;C:\\Users\\asus\\AppData\\Local\\Android\\Sdk\\tools\\bin\\apkanalyzer.bat&quot;,&quot;C:\\Users\\asus\\AppData\\Local\\Android\\Sdk\\build-tools\\27.0.3\\apkanalyzer.bat&quot;,&quot;C:\\Users\\asus\\AppData\\Local\\Android\\Sdk\\build-tools\\26.0.2\\apkanalyzer.bat&quot;]. Do you have Android Build Tools installed at &apos;C:\Users\asus\AppData\Local\Android\Sdk&apos;?
&amp;#27;[35m[ADB]&amp;#27;[39m Using &apos;aapt.exe&apos; from &apos;C:\Users\asus\AppData\Local\Android\Sdk\build-tools\27.0.3\aapt.exe&apos;
&amp;#27;[35m[ADB]&amp;#27;[39m Extracting package and launch activity from manifest
&amp;#27;[35m[ADB]&amp;#27;[39m Package name: &apos;ovo.id&apos;
&amp;#27;[35m[ADB]&amp;#27;[39m Main activity name: &apos;ovo.id.auth.activity.LandingActivity&apos;
[debug] &amp;#27;[35m[AndroidDriver]&amp;#27;[39m Parsed package and activity are: ovo.id/ovo.id.auth.activity.LandingActivity
[debug] &amp;#27;[35m[ADB]&amp;#27;[39m Running &apos;C:\Users\asus\AppData\Local\Android\Sdk\platform-tools\adb.exe -P 5037 -s 2283d4de36047ece wait-for-device&apos;
[debug] &amp;#27;[35m[ADB]&amp;#27;[39m Running &apos;C:\Users\asus\AppData\Local\Android\Sdk\platform-tools\adb.exe -P 5037 -s 2283d4de36047ece shell echo ping&apos;
[debug] &amp;#27;[35m[AndroidDriver]&amp;#27;[39m Pushing settings apk to device...
[debug] &amp;#27;[35m[ADB]&amp;#27;[39m Getting install status for io.appium.settings
[debug] &amp;#27;[35m[ADB]&amp;#27;[39m Running &apos;C:\Users\asus\AppData\Local\Android\Sdk\platform-tools\adb.exe -P 5037 -s 2283d4de36047ece shell dumpsys package io.appium.settings&apos;
[debug] &amp;#27;[35m[ADB]&amp;#27;[39m &apos;io.appium.settings&apos; is installed
[debug] &amp;#27;[35m[ADB]&amp;#27;[39m Getting package info for &apos;io.appium.settings&apos;
[debug] &amp;#27;[35m[ADB]&amp;#27;[39m Running &apos;C:\Users\asus\AppData\Local\Android\Sdk\platform-tools\adb.exe -P 5037 -s 2283d4de36047ece shell dumpsys package io.appium.settings&apos;
[debug] &amp;#27;[35m[ADB]&amp;#27;[39m The version name of the installed &apos;io.appium.settings&apos; is greater or equal to the application version name (&apos;2.14.0&apos; &gt;= &apos;2.14.0&apos;)
[debug] &amp;#27;[35m[ADB]&amp;#27;[39m There is no need to install/upgrade &apos;C:\Users\asus\AppData\Roaming\npm\node_modules\appium\node_modules\io.appium.settings\apks\settings_apk-debug.apk&apos;
[debug] &amp;#27;[35m[ADB]&amp;#27;[39m Getting IDs of all &apos;io.appium.settings&apos; processes
[debug] &amp;#27;[35m[ADB]&amp;#27;[39m Running &apos;C:\Users\asus\AppData\Local\Android\Sdk\platform-tools\adb.exe -P 5037 -s 2283d4de36047ece shell &apos;pgrep --help; echo $?&apos;&apos;
[debug] &amp;#27;[35m[ADB]&amp;#27;[39m Running &apos;C:\Users\asus\AppData\Local\Android\Sdk\platform-tools\adb.exe -P 5037 -s 2283d4de36047ece shell pgrep -f io\\.appium\\.settings&apos;
[debug] &amp;#27;[35m[AndroidDriver]&amp;#27;[39m io.appium.settings is already running. There is no need to reset its permissions.
[debug] &amp;#27;[35m[ADB]&amp;#27;[39m Running &apos;C:\Users\asus\AppData\Local\Android\Sdk\platform-tools\adb.exe -P 5037 -s 2283d4de36047ece shell appops set io.appium.settings android\:mock_location allow&apos;
[debug] &amp;#27;[35m[Logcat]&amp;#27;[39m Starting logcat capture
[debug] &amp;#27;[35m[ADB]&amp;#27;[39m Getting install status for io.appium.uiautomator2.server
[debug] &amp;#27;[35m[ADB]&amp;#27;[39m Running &apos;C:\Users\asus\AppData\Local\Android\Sdk\platform-tools\adb.exe -P 5037 -s 2283d4de36047ece shell dumpsys package io.appium.uiautomator2.server&apos;
[debug] &amp;#27;[35m[ADB]&amp;#27;[39m &apos;io.appium.uiautomator2.server&apos; is installed
[debug] &amp;#27;[35m[ADB]&amp;#27;[39m Getting package info for &apos;io.appium.uiautomator2.server&apos;
[debug] &amp;#27;[35m[ADB]&amp;#27;[39m Running &apos;C:\Users\asus\AppData\Local\Android\Sdk\platform-tools\adb.exe -P 5037 -s 2283d4de36047ece shell dumpsys package io.appium.uiautomator2.server&apos;
[debug] &amp;#27;[35m[ADB]&amp;#27;[39m The version name of the installed &apos;io.appium.uiautomator2.server&apos; is greater or equal to the application version name (&apos;3.5.1&apos; &gt;= &apos;3.5.1&apos;)
[debug] &amp;#27;[35m[UiAutomator2]&amp;#27;[39m io.appium.uiautomator2.server installation state: sameVersionInstalled
[debug] &amp;#27;[35m[ADB]&amp;#27;[39m Checking app cert for C:\Users\asus\AppData\Roaming\npm\node_modules\appium\node_modules\appium-uiautomator2-server\apks\appium-uiautomator2-server-v3.5.1.apk
&amp;#27;[35m[ADB]&amp;#27;[39m Using &apos;apksigner.bat&apos; from &apos;C:\Users\asus\AppData\Local\Android\Sdk\build-tools\27.0.3\apksigner.bat&apos;
[debug] &amp;#27;[35m[ADB]&amp;#27;[39m Starting &apos;C:\Users\asus\AppData\Local\Android\Sdk\build-tools\27.0.3\apksigner.bat&apos; with args &apos;[&quot;verify&quot;,&quot;--print-certs&quot;,&quot;C:\\Users\\asus\\AppData\\Roaming\\npm\\node_modules\\appium\\node_modules\\appium-uiautomator2-server\\apks\\appium-uiautomator2-server-v3.5.1.apk&quot;]&apos;
[debug] &amp;#27;[35m[ADB]&amp;#27;[39m apksigner stdout: Signer #1 certificate DN: EMAILADDRESS=android@android.com, CN=Android, OU=Android, O=Android, L=Mountain View, ST=California, C=US
[debug] &amp;#27;[35m[ADB]&amp;#27;[39m Signer #1 certificate SHA-256 digest: a40da80a59d170caa950cf15c18c454d47a39b26989d8b640ecd745ba71bf5dc
[debug] &amp;#27;[35m[ADB]&amp;#27;[39m Signer #1 certificate SHA-1 digest: 61ed377e85d386a8dfee6b864bd85b0bfaa5af81
[debug] &amp;#27;[35m[ADB]&amp;#27;[39m Signer #1 certificate MD5 digest: e89b158e4bcf988ebd09eb83f5378e87
[debug] &amp;#27;[35m[ADB]&amp;#27;[39m 
[debug] &amp;#27;[35m[ADB]&amp;#27;[39m &apos;C:\Users\asus\AppData\Roaming\npm\node_modules\appium\node_modules\appium-uiautomator2-server\apks\appium-uiautomator2-server-v3.5.1.apk&apos; is already signed.
[debug] &amp;#27;[35m[ADB]&amp;#27;[39m Getting install status for io.appium.uiautomator2.server.test
[debug] &amp;#27;[35m[ADB]&amp;#27;[39m Running &apos;C:\Users\asus\AppData\Local\Android\Sdk\platform-tools\adb.exe -P 5037 -s 2283d4de36047ece shell dumpsys package io.appium.uiautomator2.server.test&apos;
[debug] &amp;#27;[35m[ADB]&amp;#27;[39m &apos;io.appium.uiautomator2.server.test&apos; is installed
[debug] &amp;#27;[35m[ADB]&amp;#27;[39m Checking app cert for C:\Users\asus\AppData\Roaming\npm\node_modules\appium\node_modules\appium-uiautomator2-server\apks\appium-uiautomator2-server-debug-androidTest.apk
[debug] &amp;#27;[35m[ADB]&amp;#27;[39m Starting &apos;C:\Users\asus\AppData\Local\Android\Sdk\build-tools\27.0.3\apksigner.bat&apos; with args &apos;[&quot;verify&quot;,&quot;--print-certs&quot;,&quot;C:\\Users\\asus\\AppData\\Roaming\\npm\\node_modules\\appium\\node_modules\\appium-uiautomator2-server\\apks\\appium-uiautomator2-server-debug-androidTest.apk&quot;]&apos;
[debug] &amp;#27;[35m[ADB]&amp;#27;[39m apksigner stdout: Signer #1 certificate DN: EMAILADDRESS=android@android.com, CN=Android, OU=Android, O=Android, L=Mountain View, ST=California, C=US
[debug] &amp;#27;[35m[ADB]&amp;#27;[39m Signer #1 certificate SHA-256 digest: a40da80a59d170caa950cf15c18c454d47a39b26989d8b640ecd745ba71bf5dc
[debug] &amp;#27;[35m[ADB]&amp;#27;[39m Signer #1 certificate SHA-1 digest: 61ed377e85d386a8dfee6b864bd85b0bfaa5af81
[debug] &amp;#27;[35m[ADB]&amp;#27;[39m Signer #1 certificate MD5 digest: e89b158e4bcf988ebd09eb83f5378e87
[debug] &amp;#27;[35m[ADB]&amp;#27;[39m 
[debug] &amp;#27;[35m[ADB]&amp;#27;[39m &apos;C:\Users\asus\AppData\Roaming\npm\node_modules\appium\node_modules\appium-uiautomator2-server\apks\appium-uiautomator2-server-debug-androidTest.apk&apos; is already signed.
&amp;#27;[35m[UiAutomator2]&amp;#27;[39m Server packages are not going to be (re)installed
[debug] &amp;#27;[35m[UiAutomator2]&amp;#27;[39m Waiting up to 30000ms for services to be available
[debug] &amp;#27;[35m[ADB]&amp;#27;[39m Running &apos;C:\Users\asus\AppData\Local\Android\Sdk\platform-tools\adb.exe -P 5037 -s 2283d4de36047ece shell pm list instrumentation&apos;
[debug] &amp;#27;[35m[UiAutomator2]&amp;#27;[39m Instrumentation target &apos;io.appium.uiautomator2.server.test/androidx.test.runner.AndroidJUnitRunner&apos; is available
[debug] &amp;#27;[35m[UiAutomator2]&amp;#27;[39m Forwarding UiAutomator2 Server port 6790 to 8219
[debug] &amp;#27;[35m[ADB]&amp;#27;[39m Forwarding system: 8219 to device: 6790
[debug] &amp;#27;[35m[ADB]&amp;#27;[39m Running &apos;C:\Users\asus\AppData\Local\Android\Sdk\platform-tools\adb.exe -P 5037 -s 2283d4de36047ece forward tcp\:8219 tcp\:6790&apos;
[debug] &amp;#27;[35m[ADB]&amp;#27;[39m Checking app cert for D:\Lesson\Appium\Project\1. Eclipse\OVOLogin\src\OVO_v2.13.0.apk
[debug] &amp;#27;[35m[ADB]&amp;#27;[39m Starting &apos;C:\Users\asus\AppData\Local\Android\Sdk\build-tools\27.0.3\apksigner.bat&apos; with args &apos;[&quot;verify&quot;,&quot;--print-certs&quot;,&quot;D:\\Lesson\\Appium\\Project\\1. Eclipse\\OVOLogin\\src\\OVO_v2.13.0.apk&quot;]&apos;
[debug] &amp;#27;[35m[ADB]&amp;#27;[39m apksigner stdout: Signer #1 certificate DN: EMAILADDRESS=android@android.com, CN=Android, OU=Android, O=Android, L=Mountain View, ST=California, C=US
[debug] &amp;#27;[35m[ADB]&amp;#27;[39m Signer #1 certificate SHA-256 digest: a40da80a59d170caa950cf15c18c454d47a39b26989d8b640ecd745ba71bf5dc
[debug] &amp;#27;[35m[ADB]&amp;#27;[39m Signer #1 certificate SHA-1 digest: 61ed377e85d386a8dfee6b864bd85b0bfaa5af81
[debug] &amp;#27;[35m[ADB]&amp;#27;[39m Signer #1 certificate MD5 digest: e89b158e4bcf988ebd09eb83f5378e87
[debug] &amp;#27;[35m[ADB]&amp;#27;[39m 
[debug] &amp;#27;[35m[ADB]&amp;#27;[39m &apos;D:\Lesson\Appium\Project\1. Eclipse\OVOLogin\src\OVO_v2.13.0.apk&apos; is already signed.
[debug] &amp;#27;[35m[ADB]&amp;#27;[39m Getting install status for ovo.id
[debug] &amp;#27;[35m[ADB]&amp;#27;[39m Running &apos;C:\Users\asus\AppData\Local\Android\Sdk\platform-tools\adb.exe -P 5037 -s 2283d4de36047ece shell dumpsys package ovo.id&apos;
[debug] &amp;#27;[35m[ADB]&amp;#27;[39m &apos;ovo.id&apos; is installed
[debug] &amp;#27;[35m[ADB]&amp;#27;[39m Getting install status for ovo.id
[debug] &amp;#27;[35m[ADB]&amp;#27;[39m Running &apos;C:\Users\asus\AppData\Local\Android\Sdk\platform-tools\adb.exe -P 5037 -s 2283d4de36047ece shell dumpsys package ovo.id&apos;
[debug] &amp;#27;[35m[ADB]&amp;#27;[39m &apos;ovo.id&apos; is installed
[debug] &amp;#27;[35m[ADB]&amp;#27;[39m Getting package info for &apos;ovo.id&apos;
[debug] &amp;#27;[35m[ADB]&amp;#27;[39m Running &apos;C:\Users\asus\AppData\Local\Android\Sdk\platform-tools\adb.exe -P 5037 -s 2283d4de36047ece shell dumpsys package ovo.id&apos;
[debug] &amp;#27;[35m[ADB]&amp;#27;[39m The version name of the installed &apos;ovo.id&apos; is greater or equal to the application version name (&apos;2.13.0&apos; &gt;= &apos;2.13.0&apos;)
[debug] &amp;#27;[35m[ADB]&amp;#27;[39m There is no need to install/upgrade &apos;D:\Lesson\Appium\Project\1. Eclipse\OVOLogin\src\OVO_v2.13.0.apk&apos;
&amp;#27;[35m[AndroidDriver]&amp;#27;[39m Performing fast reset on &apos;ovo.id&apos;
[debug] &amp;#27;[35m[ADB]&amp;#27;[39m Getting install status for ovo.id
[debug] &amp;#27;[35m[ADB]&amp;#27;[39m Running &apos;C:\Users\asus\AppData\Local\Android\Sdk\platform-tools\adb.exe -P 5037 -s 2283d4de36047ece shell dumpsys package ovo.id&apos;
[debug] &amp;#27;[35m[ADB]&amp;#27;[39m &apos;ovo.id&apos; is installed
[debug] &amp;#27;[35m[ADB]&amp;#27;[39m Running &apos;C:\Users\asus\AppData\Local\Android\Sdk\platform-tools\adb.exe -P 5037 -s 2283d4de36047ece shell am force-stop ovo.id&apos;
[debug] &amp;#27;[35m[ADB]&amp;#27;[39m Running &apos;C:\Users\asus\AppData\Local\Android\Sdk\platform-tools\adb.exe -P 5037 -s 2283d4de36047ece shell pm clear ovo.id&apos;
[debug] &amp;#27;[35m[AndroidDriver]&amp;#27;[39m Performed fast reset on the installed &apos;ovo.id&apos; application (stop and clear)
[debug] &amp;#27;[35m[UiAutomator2]&amp;#27;[39m Performing shallow cleanup of automation leftovers
[debug] &amp;#27;[35m[UiAutomator2]&amp;#27;[39m The following obsolete sessions are still running: [&quot;22e104d5-ceb5-4eb4-8a17-836fcd213df9&quot;]
[debug] &amp;#27;[35m[UiAutomator2]&amp;#27;[39m Cleaning up the obsolete sessions
[debug] &amp;#27;[35m[ADB]&amp;#27;[39m Running &apos;C:\Users\asus\AppData\Local\Android\Sdk\platform-tools\adb.exe -P 5037 -s 2283d4de36047ece shell am force-stop io.appium.uiautomator2.server.test&apos;
&amp;#27;[35m[UiAutomator2]&amp;#27;[39m Starting UIAutomator2 server 3.5.1
&amp;#27;[35m[UiAutomator2]&amp;#27;[39m Using UIAutomator2 server from &apos;C:\Users\asus\AppData\Roaming\npm\node_modules\appium\node_modules\appium-uiautomator2-server\apks\appium-uiautomator2-server-v3.5.1.apk&apos; and test from &apos;C:\Users\asus\AppData\Roaming\npm\node_modules\appium\node_modules\appium-uiautomator2-server\apks\appium-uiautomator2-server-debug-androidTest.apk&apos;
&amp;#27;[35m[UiAutomator2]&amp;#27;[39m Waiting up to 30000ms for UiAutomator2 to be online...
[debug] &amp;#27;[35m[ADB]&amp;#27;[39m Creating ADB subprocess with args: [&quot;-P&quot;,5037,&quot;-s&quot;,&quot;2283d4de36047ece&quot;,&quot;shell&quot;,&quot;am&quot;,&quot;instrument&quot;,&quot;-w&quot;,&quot;io.appium.uiautomator2.server.test/androidx.test.runner.AndroidJUnitRunner&quot;]
[debug] &amp;#27;[35m[WD Proxy]&amp;#27;[39m Matched &apos;/status&apos; to command name &apos;getStatus&apos;
[debug] &amp;#27;[35m[WD Proxy]&amp;#27;[39m Proxying [GET /status] to [GET http://localhost:8219/wd/hub/status] with no body
&amp;#27;[35m[WD Proxy]&amp;#27;[39m Got an unexpected response: {&quot;errno&quot;:&quot;ECONNRESET&quot;,&quot;code&quot;:&quot;ECONNRESET&quot;,&quot;syscall&quot;:&quot;read&quot;}
[debug] &amp;#27;[35m[Instrumentation]&amp;#27;[39m io.appium.uiautomator2.server.test.AppiumUiAutomator2Server:
[debug] &amp;#27;[35m[WD Proxy]&amp;#27;[39m Matched &apos;/status&apos; to command name &apos;getStatus&apos;
[debug] &amp;#27;[35m[WD Proxy]&amp;#27;[39m Proxying [GET /status] to [GET http://localhost:8219/wd/hub/status] with no body
&amp;#27;[35m[WD Proxy]&amp;#27;[39m Got an unexpected response: {&quot;errno&quot;:&quot;ECONNRESET&quot;,&quot;code&quot;:&quot;ECONNRESET&quot;,&quot;syscall&quot;:&quot;read&quot;}
[debug] &amp;#27;[35m[WD Proxy]&amp;#27;[39m Matched &apos;/status&apos; to command name &apos;getStatus&apos;
[debug] &amp;#27;[35m[WD Proxy]&amp;#27;[39m Proxying [GET /status] to [GET http://localhost:8219/wd/hub/status] with no body
[debug] &amp;#27;[35m[WD Proxy]&amp;#27;[39m Got response with status 200: &quot;{\&quot;sessionId\&quot;:\&quot;None\&quot;,\&quot;status\&quot;:0,\&quot;value\&quot;:\&quot;Status Invoked\&quot;}&quot;
[debug] &amp;#27;[35m[WD Proxy]&amp;#27;[39m Determined that the downstream protocol for proxy is MJSONWP
[debug] &amp;#27;[35m[UiAutomator2]&amp;#27;[39m The initialization of the instrumentation process took 3195ms
[debug] &amp;#27;[35m[WD Proxy]&amp;#27;[39m Matched &apos;/session&apos; to command name &apos;createSession&apos;
[debug] &amp;#27;[35m[WD Proxy]&amp;#27;[39m Proxying [POST /session] to [POST http://localhost:8219/wd/hub/session] with body: {&quot;desiredCapabilities&quot;:{&quot;platform&quot;:&quot;LINUX&quot;,&quot;webStorageEnabled&quot;:false,&quot;takesScreenshot&quot;:true,&quot;javascriptEnabled&quot;:true,&quot;databaseEnabled&quot;:false,&quot;networkConnectionEnabled&quot;:true,&quot;locationContextEnabled&quot;:false,&quot;warnings&quot;:{},&quot;desired&quot;:{&quot;platformName&quot;:&quot;android&quot;,&quot;app&quot;:&quot;D:\\Lesson\\Appium\\Project\\1. Eclipse\\OVOLogin\\src\\OVO_v2.13.0.apk&quot;,&quot;automationName&quot;:&quot;uiautomator2&quot;,&quot;deviceName&quot;:&quot;Samsung SM-G960F&quot;,&quot;newCommandTimeout&quot;:14},&quot;platformName&quot;:&quot;android&quot;,&quot;app&quot;:&quot;D:\\Lesson\\Appium\\Project\\1. Eclipse\\OVOLogin\\src\\OVO_v2.13.0.apk&quot;,&quot;automationName&quot;:&quot;uiautomator2&quot;,&quot;deviceName&quot;:&quot;2283d4de36047ece&quot;,&quot;newCommandTimeout&quot;:14,&quot;deviceUDID&quot;:&quot;2283d4de36047ece&quot;,&quot;appPackage&quot;:&quot;ovo.id&quot;}}
[debug] &amp;#27;[35m[WD Proxy]&amp;#27;[39m Got response with status 200: {&quot;sessionId&quot;:&quot;9b66e457-74a8-4c0f-bc2b-823b3d69dd6f&quot;,&quot;status&quot;:0,&quot;value&quot;:&quot;Created Session&quot;}
[debug] &amp;#27;[35m[WD Proxy]&amp;#27;[39m Proxying [GET /appium/device/info] to [GET http://localhost:8219/wd/hub/session/9b66e457-74a8-4c0f-bc2b-823b3d69dd6f/appium/device/info] with no body
[debug] &amp;#27;[35m[WD Proxy]&amp;#27;[39m Got response with status 200: &quot;{\&quot;sessionId\&quot;:\&quot;9b66e457-74a8-4c0f-bc2b-823b3d69dd6f\&quot;,\&quot;status\&quot;:0,\&quot;value\&quot;:{\&quot;androidId\&quot;:\&quot;20ffd9e9be6f471c\&quot;,\&quot;manufacturer\&quot;:\&quot;samsung\&quot;,\&quot;model\&quot;:\&quot;SM-G960F\&quot;,\&quot;brand\&quot;:\&quot;samsung\&quot;,\&quot;apiVersion\&quot;:\&quot;28\&quot;,\&quot;platformVersion\&quot;:\&quot;9\&quot;,\&quot;carrierName\&quot;:\&quot;XL Axiata\&quot;,\&quot;realDisplaySize\&quot;:\&quot;1080x2220\&quot;,\&quot;displayDensity\&quot;:480,\&quot;networks\&quot;:[{\&quot;type\&quot;:0,\&quot;typeName\&quot;:\&quot;MOBILE\&quot;,\&quot;subtype\&quot;:13,\&quot;subtypeName\&quot;:\&quot;LTE\&quot;,\&quot;isConnected\&quot;:true,\&quot;detailedState\&quot;:\&quot;CONNECTED\&quot;,\&quot;state\&quot;:\&quot;CONNECTED\&quot;,\&quot;extraInfo\&quot;:\&quot;internet\&quot;,\&quot;isAvailable\&quot;:true,\&quot;isFailover\&quot;:false,\&quot;isRoaming\&quot;:false,\&quot;capabilities\&quot;:{\&quot;transportTypes\&quot;:\&quot;NET_CAPABILITY_MMS\&quot;,\&quot;networkCapabilities\&quot;:\&quot;\&quot;,\&quot;linkUpstreamBandwidthKbps\&quot;:51200,\&quot;linkDownBandwidthKbps\&quot;:102400,\&quot;signalStrength\&quot;:-2147483648,\&quot;networkSpecifier\&quot;:\&quot;1\&quot;,\&quot;SSID\&quot;:null}}]}}&quot;
[debug] &amp;#27;[35m[ADB]&amp;#27;[39m Running &apos;C:\Users\asus\AppData\Local\Android\Sdk\platform-tools\adb.exe -P 5037 -s 2283d4de36047ece shell dumpsys window&apos;
&amp;#27;[35m[AndroidDriver]&amp;#27;[39m Screen already unlocked, doing nothing
&amp;#27;[35m[UiAutomator2]&amp;#27;[39m UiAutomator2 did not start the activity we were waiting for, &apos;ovo.id/ovo.id.auth.activity.LandingActivity&apos;. Starting it ourselves
[debug] &amp;#27;[35m[ADB]&amp;#27;[39m Running &apos;C:\Users\asus\AppData\Local\Android\Sdk\platform-tools\adb.exe -P 5037 -s 2283d4de36047ece shell am start -W -n ovo.id/ovo.id.auth.activity.LandingActivity -S -a android.intent.action.MAIN -c android.intent.category.LAUNCHER -f 0x10200000&apos;
[debug] &amp;#27;[35m[ADB]&amp;#27;[39m Waiting up to 20000ms for activity matching pkg: &apos;ovo.id&apos; and activity: &apos;ovo.id.auth.activity.LandingActivity&apos; to be focused
[debug] &amp;#27;[35m[ADB]&amp;#27;[39m Possible activities, to be checked: &apos;ovo.id.auth.activity.LandingActivity&apos;, &apos;ovo.id.ovo.id.auth.activity.LandingActivity&apos;
[debug] &amp;#27;[35m[ADB]&amp;#27;[39m Getting focused package and activity
[debug] &amp;#27;[35m[ADB]&amp;#27;[39m Running &apos;C:\Users\asus\AppData\Local\Android\Sdk\platform-tools\adb.exe -P 5037 -s 2283d4de36047ece shell dumpsys window windows&apos;
[debug] &amp;#27;[35m[ADB]&amp;#27;[39m Found package: &apos;ovo.id&apos; and fully qualified activity name : &apos;ovo.id.loyalty.activity.ActOnboarding&apos;
[debug] &amp;#27;[35m[ADB]&amp;#27;[39m Incorrect package and activity. Retrying.
[debug] &amp;#27;[35m[ADB]&amp;#27;[39m Getting focused package and activity
[debug] &amp;#27;[35m[ADB]&amp;#27;[39m Running &apos;C:\Users\asus\AppData\Local\Android\Sdk\platform-tools\adb.exe -P 5037 -s 2283d4de36047ece shell dumpsys window windows&apos;
[debug] &amp;#27;[35m[ADB]&amp;#27;[39m Found package: &apos;ovo.id&apos; and fully qualified activity name : &apos;ovo.id.loyalty.activity.ActOnboarding&apos;
[debug] &amp;#27;[35m[ADB]&amp;#27;[39m Incorrect package and activity. Retrying.
[debug] &amp;#27;[35m[ADB]&amp;#27;[39m Getting focused package and activity
[debug] &amp;#27;[35m[ADB]&amp;#27;[39m Running &apos;C:\Users\asus\AppData\Local\Android\Sdk\platform-tools\adb.exe -P 5037 -s 2283d4de36047ece shell dumpsys window windows&apos;
[debug] &amp;#27;[35m[ADB]&amp;#27;[39m Found package: &apos;ovo.id&apos; and fully qualified activity name : &apos;ovo.id.loyalty.activity.ActOnboarding&apos;
[debug] &amp;#27;[35m[ADB]&amp;#27;[39m Incorrect package and activity. Retrying.
[debug] &amp;#27;[35m[ADB]&amp;#27;[39m Getting focused package and activity
[debug] &amp;#27;[35m[ADB]&amp;#27;[39m Running &apos;C:\Users\asus\AppData\Local\Android\Sdk\platform-tools\adb.exe -P 5037 -s 2283d4de36047ece shell dumpsys window windows&apos;
[debug] &amp;#27;[35m[ADB]&amp;#27;[39m Found package: &apos;ovo.id&apos; and fully qualified activity name : &apos;ovo.id.loyalty.activity.ActOnboarding&apos;
[debug] &amp;#27;[35m[ADB]&amp;#27;[39m Incorrect package and activity. Retrying.
[debug] &amp;#27;[35m[ADB]&amp;#27;[39m Getting focused package and activity
[debug] &amp;#27;[35m[ADB]&amp;#27;[39m Running &apos;C:\Users\asus\AppData\Local\Android\Sdk\platform-tools\adb.exe -P 5037 -s 2283d4de36047ece shell dumpsys window windows&apos;
[debug] &amp;#27;[35m[ADB]&amp;#27;[39m Found package: &apos;ovo.id&apos; and fully qualified activity name : &apos;ovo.id.loyalty.activity.ActOnboarding&apos;
[debug] &amp;#27;[35m[ADB]&amp;#27;[39m Incorrect package and activity. Retrying.
[debug] &amp;#27;[35m[ADB]&amp;#27;[39m Getting focused package and activity
[debug] &amp;#27;[35m[ADB]&amp;#27;[39m Running &apos;C:\Users\asus\AppData\Local\Android\Sdk\platform-tools\adb.exe -P 5037 -s 2283d4de36047ece shell dumpsys window windows&apos;
[debug] &amp;#27;[35m[ADB]&amp;#27;[39m Found package: &apos;ovo.id&apos; and fully qualified activity name : &apos;ovo.id.auth.activity.LandingActivity&apos;
[debug] &amp;#27;[35m[WD Proxy]&amp;#27;[39m Proxying [GET /appium/device/pixel_ratio] to [GET http://localhost:8219/wd/hub/session/9b66e457-74a8-4c0f-bc2b-823b3d69dd6f/appium/device/pixel_ratio] with body: {}
[debug] &amp;#27;[35m[WD Proxy]&amp;#27;[39m Got response with status 200: &quot;{\&quot;sessionId\&quot;:\&quot;9b66e457-74a8-4c0f-bc2b-823b3d69dd6f\&quot;,\&quot;status\&quot;:0,\&quot;value\&quot;:3}&quot;
[debug] &amp;#27;[35m[WD Proxy]&amp;#27;[39m Matched &apos;/appium/device/system_bars&apos; to command name &apos;getSystemBars&apos;
[debug] &amp;#27;[35m[WD Proxy]&amp;#27;[39m Proxying [GET /appium/device/system_bars] to [GET http://localhost:8219/wd/hub/session/9b66e457-74a8-4c0f-bc2b-823b3d69dd6f/appium/device/system_bars] with body: {}
[debug] &amp;#27;[35m[WD Proxy]&amp;#27;[39m Got response with status 200: &quot;{\&quot;sessionId\&quot;:\&quot;9b66e457-74a8-4c0f-bc2b-823b3d69dd6f\&quot;,\&quot;status\&quot;:0,\&quot;value\&quot;:{\&quot;statusBar\&quot;:72}}&quot;
[debug] &amp;#27;[35m[WD Proxy]&amp;#27;[39m Matched &apos;/window/current/size&apos; to command name &apos;getWindowSize&apos;
[debug] &amp;#27;[35m[WD Proxy]&amp;#27;[39m Proxying [GET /window/current/size] to [GET http://localhost:8219/wd/hub/session/9b66e457-74a8-4c0f-bc2b-823b3d69dd6f/window/current/size] with body: {}
[debug] &amp;#27;[35m[WD Proxy]&amp;#27;[39m Got response with status 200: &quot;{\&quot;sessionId\&quot;:\&quot;9b66e457-74a8-4c0f-bc2b-823b3d69dd6f\&quot;,\&quot;status\&quot;:0,\&quot;value\&quot;:{\&quot;height\&quot;:2175,\&quot;width\&quot;:1080}}&quot;
&amp;#27;[35m[Appium]&amp;#27;[39m New AndroidUiautomator2Driver session created successfully, session 8a14b0c9-3063-4488-bc3e-071f8a5e88d3 added to master session list
[debug] &amp;#27;[35m[BaseDriver]&amp;#27;[39m Event &apos;newSessionStarted&apos; logged at 1566120811931 (16:33:31 GMT+0700 (Western Indonesia Time))
[debug] &amp;#27;[35m[W3C (8a14b0c9)]&amp;#27;[39m Cached the protocol value &apos;W3C&apos; for the new session 8a14b0c9-3063-4488-bc3e-071f8a5e88d3
[debug] &amp;#27;[35m[W3C (8a14b0c9)]&amp;#27;[39m Responding to client with driver.createSession() result: {&quot;capabilities&quot;:{&quot;platform&quot;:&quot;LINUX&quot;,&quot;webStorageEnabled&quot;:false,&quot;takesScreenshot&quot;:true,&quot;javascriptEnabled&quot;:true,&quot;databaseEnabled&quot;:false,&quot;networkConnectionEnabled&quot;:true,&quot;locationContextEnabled&quot;:false,&quot;warnings&quot;:{},&quot;desired&quot;:{&quot;platformName&quot;:&quot;android&quot;,&quot;app&quot;:&quot;D:\\Lesson\\Appium\\Project\\1. Eclipse\\OVOLogin\\src\\OVO_v2.13.0.apk&quot;,&quot;automationName&quot;:&quot;uiautomator2&quot;,&quot;deviceName&quot;:&quot;Samsung SM-G960F&quot;,&quot;newCommandTimeout&quot;:14},&quot;platformName&quot;:&quot;android&quot;,&quot;app&quot;:&quot;D:\\Lesson\\Appium\\Project\\1. Eclipse\\OVOLogin\\src\\OVO_v2.13.0.apk&quot;,&quot;automationName&quot;:&quot;uiautomator2&quot;,&quot;deviceName&quot;:&quot;2283d4de36047ece&quot;,&quot;newCommandTimeout&quot;:14,&quot;deviceUDID&quot;:&quot;2283d4de36047ece&quot;,&quot;appPackage&quot;:&quot;ovo.id&quot;,&quot;deviceApiLevel&quot;:28,&quot;platformVersion&quot;:&quot;9&quot;,&quot;deviceScreenSize&quot;:&quot;1080x2220&quot;,&quot;deviceScreenDensity&quot;:480,&quot;deviceModel&quot;:&quot;SM-G960F&quot;,&quot;deviceManufacturer&quot;:&quot;samsung&quot;,&quot;pixelRatio&quot;:3,&quot;statBarHeight&quot;:72,&quot;viewportRect&quot;:{&quot;left&quot;:0,&quot;top&quot;:72,&quot;width&quot;:1080,&quot;height&quot;:2103}}}
&amp;#27;[35m[HTTP]&amp;#27;[39m &amp;#27;[37m&lt;-- POST /wd/hub/session &amp;#27;[39m&amp;#27;[32m200&amp;#27;[39m &amp;#27;[90m17570 ms - 974&amp;#27;[39m
&amp;#27;[35m[HTTP]&amp;#27;[39m &amp;#27;[90m&amp;#27;[39m
&amp;#27;[35m[HTTP]&amp;#27;[39m &amp;#27;[37m--&gt;&amp;#27;[39m &amp;#27;[37mGET&amp;#27;[39m &amp;#27;[37m/wd/hub/session/8a14b0c9-3063-4488-bc3e-071f8a5e88d3&amp;#27;[39m
&amp;#27;[35m[HTTP]&amp;#27;[39m &amp;#27;[90m{}&amp;#27;[39m
[debug] &amp;#27;[35m[W3C (8a14b0c9)]&amp;#27;[39m Calling AppiumDriver.getSession() with args: [&quot;8a14b0c9-3063-4488-bc3e-071f8a5e88d3&quot;]
[debug] &amp;#27;[35m[UiAutomator2]&amp;#27;[39m Getting session details from server to mix in
[debug] &amp;#27;[35m[WD Proxy]&amp;#27;[39m Matched &apos;/&apos; to command name &apos;getSession&apos;
[debug] &amp;#27;[35m[WD Proxy]&amp;#27;[39m Proxying [GET /] to [GET http://localhost:8219/wd/hub/session/9b66e457-74a8-4c0f-bc2b-823b3d69dd6f] with body: {}
[debug] &amp;#27;[35m[WD Proxy]&amp;#27;[39m Got response with status 200: &quot;{\&quot;sessionId\&quot;:\&quot;9b66e457-74a8-4c0f-bc2b-823b3d69dd6f\&quot;,\&quot;status\&quot;:0,\&quot;value\&quot;:{}}&quot;
[debug] &amp;#27;[35m[W3C (8a14b0c9)]&amp;#27;[39m Responding to client with driver.getSession() result: {&quot;platform&quot;:&quot;LINUX&quot;,&quot;webStorageEnabled&quot;:false,&quot;takesScreenshot&quot;:true,&quot;javascriptEnabled&quot;:true,&quot;databaseEnabled&quot;:false,&quot;networkConnectionEnabled&quot;:true,&quot;locationContextEnabled&quot;:false,&quot;warnings&quot;:{},&quot;desired&quot;:{&quot;platformName&quot;:&quot;android&quot;,&quot;app&quot;:&quot;D:\\Lesson\\Appium\\Project\\1. Eclipse\\OVOLogin\\src\\OVO_v2.13.0.apk&quot;,&quot;automationName&quot;:&quot;uiautomator2&quot;,&quot;deviceName&quot;:&quot;Samsung SM-G960F&quot;,&quot;newCommandTimeout&quot;:14},&quot;platformName&quot;:&quot;android&quot;,&quot;app&quot;:&quot;D:\\Lesson\\Appium\\Project\\1. Eclipse\\OVOLogin\\src\\OVO_v2.13.0.apk&quot;,&quot;automationName&quot;:&quot;uiautomator2&quot;,&quot;deviceName&quot;:&quot;2283d4de36047ece&quot;,&quot;newCommandTimeout&quot;:14,&quot;deviceUDID&quot;:&quot;2283d4de36047ece&quot;,&quot;appPackage&quot;:&quot;ovo.id&quot;,&quot;deviceApiLevel&quot;:28,&quot;platformVersion&quot;:&quot;9&quot;,&quot;deviceScreenSize&quot;:&quot;1080x2220&quot;,&quot;deviceScreenDensity&quot;:480,&quot;deviceModel&quot;:&quot;SM-G960F&quot;,&quot;deviceManufacturer&quot;:&quot;samsung&quot;,&quot;pixelRatio&quot;:3,&quot;statBarHeight&quot;:72,&quot;viewportRect&quot;:{&quot;left&quot;:0,&quot;top&quot;:72,&quot;width&quot;:1080,&quot;height&quot;:2103}}
&amp;#27;[35m[HTTP]&amp;#27;[39m &amp;#27;[37m&lt;-- GET /wd/hub/session/8a14b0c9-3063-4488-bc3e-071f8a5e88d3 &amp;#27;[39m&amp;#27;[32m200&amp;#27;[39m &amp;#27;[90m64 ms - 906&amp;#27;[39m
&amp;#27;[35m[HTTP]&amp;#27;[39m &amp;#27;[90m&amp;#27;[39m
&amp;#27;[35m[HTTP]&amp;#27;[39m &amp;#27;[37m--&gt;&amp;#27;[39m &amp;#27;[37mGET&amp;#27;[39m &amp;#27;[37m/wd/hub/session/8a14b0c9-3063-4488-bc3e-071f8a5e88d3&amp;#27;[39m
&amp;#27;[35m[HTTP]&amp;#27;[39m &amp;#27;[90m{}&amp;#27;[39m
[debug] &amp;#27;[35m[W3C (8a14b0c9)]&amp;#27;[39m Calling AppiumDriver.getSession() with args: [&quot;8a14b0c9-3063-4488-bc3e-071f8a5e88d3&quot;]
[debug] &amp;#27;[35m[UiAutomator2]&amp;#27;[39m Getting session details from server to mix in
[debug] &amp;#27;[35m[WD Proxy]&amp;#27;[39m Matched &apos;/&apos; to command name &apos;getSession&apos;
[debug] &amp;#27;[35m[WD Proxy]&amp;#27;[39m Proxying [GET /] to [GET http://localhost:8219/wd/hub/session/9b66e457-74a8-4c0f-bc2b-823b3d69dd6f] with body: {}
[debug] &amp;#27;[35m[WD Proxy]&amp;#27;[39m Got response with status 200: &quot;{\&quot;sessionId\&quot;:\&quot;9b66e457-74a8-4c0f-bc2b-823b3d69dd6f\&quot;,\&quot;status\&quot;:0,\&quot;value\&quot;:{}}&quot;
[debug] &amp;#27;[35m[W3C (8a14b0c9)]&amp;#27;[39m Responding to client with driver.getSession() result: {&quot;platform&quot;:&quot;LINUX&quot;,&quot;webStorageEnabled&quot;:false,&quot;takesScreenshot&quot;:true,&quot;javascriptEnabled&quot;:true,&quot;databaseEnabled&quot;:false,&quot;networkConnectionEnabled&quot;:true,&quot;locationContextEnabled&quot;:false,&quot;warnings&quot;:{},&quot;desired&quot;:{&quot;platformName&quot;:&quot;android&quot;,&quot;app&quot;:&quot;D:\\Lesson\\Appium\\Project\\1. Eclipse\\OVOLogin\\src\\OVO_v2.13.0.apk&quot;,&quot;automationName&quot;:&quot;uiautomator2&quot;,&quot;deviceName&quot;:&quot;Samsung SM-G960F&quot;,&quot;newCommandTimeout&quot;:14},&quot;platformName&quot;:&quot;android&quot;,&quot;app&quot;:&quot;D:\\Lesson\\Appium\\Project\\1. Eclipse\\OVOLogin\\src\\OVO_v2.13.0.apk&quot;,&quot;automationName&quot;:&quot;uiautomator2&quot;,&quot;deviceName&quot;:&quot;2283d4de36047ece&quot;,&quot;newCommandTimeout&quot;:14,&quot;deviceUDID&quot;:&quot;2283d4de36047ece&quot;,&quot;appPackage&quot;:&quot;ovo.id&quot;,&quot;deviceApiLevel&quot;:28,&quot;platformVersion&quot;:&quot;9&quot;,&quot;deviceScreenSize&quot;:&quot;1080x2220&quot;,&quot;deviceScreenDensity&quot;:480,&quot;deviceModel&quot;:&quot;SM-G960F&quot;,&quot;deviceManufacturer&quot;:&quot;samsung&quot;,&quot;pixelRatio&quot;:3,&quot;statBarHeight&quot;:72,&quot;viewportRect&quot;:{&quot;left&quot;:0,&quot;top&quot;:72,&quot;width&quot;:1080,&quot;height&quot;:2103}}
&amp;#27;[35m[HTTP]&amp;#27;[39m &amp;#27;[37m&lt;-- GET /wd/hub/session/8a14b0c9-3063-4488-bc3e-071f8a5e88d3 &amp;#27;[39m&amp;#27;[32m200&amp;#27;[39m &amp;#27;[90m26 ms - 906&amp;#27;[39m
&amp;#27;[35m[HTTP]&amp;#27;[39m &amp;#27;[90m&amp;#27;[39m
&amp;#27;[35m[HTTP]&amp;#27;[39m &amp;#27;[37m--&gt;&amp;#27;[39m &amp;#27;[37mPOST&amp;#27;[39m &amp;#27;[37m/wd/hub/session/8a14b0c9-3063-4488-bc3e-071f8a5e88d3/timeouts&amp;#27;[39m
&amp;#27;[35m[HTTP]&amp;#27;[39m &amp;#27;[90m{&quot;implicit&quot;:10000}&amp;#27;[39m
[debug] &amp;#27;[35m[W3C (8a14b0c9)]&amp;#27;[39m Calling AppiumDriver.timeouts() with args: [null,null,null,null,10000,&quot;8a14b0c9-3063-4488-bc3e-071f8a5e88d3&quot;]
[debug] &amp;#27;[35m[BaseDriver]&amp;#27;[39m W3C timeout argument: {&quot;implicit&quot;:10000}}
[debug] &amp;#27;[35m[BaseDriver]&amp;#27;[39m Set implicit wait to 10000ms
[debug] &amp;#27;[35m[W3C (8a14b0c9)]&amp;#27;[39m Responding to client with driver.timeouts() result: null
&amp;#27;[35m[HTTP]&amp;#27;[39m &amp;#27;[37m&lt;-- POST /wd/hub/session/8a14b0c9-3063-4488-bc3e-071f8a5e88d3/timeouts &amp;#27;[39m&amp;#27;[32m200&amp;#27;[39m &amp;#27;[90m7 ms - 14&amp;#27;[39m
&amp;#27;[35m[HTTP]&amp;#27;[39m &amp;#27;[90m&amp;#27;[39m
&amp;#27;[35m[HTTP]&amp;#27;[39m &amp;#27;[37m--&gt;&amp;#27;[39m &amp;#27;[37mGET&amp;#27;[39m &amp;#27;[37m/wd/hub/session/8a14b0c9-3063-4488-bc3e-071f8a5e88d3&amp;#27;[39m
&amp;#27;[35m[HTTP]&amp;#27;[39m &amp;#27;[90m{}&amp;#27;[39m
[debug] &amp;#27;[35m[W3C (8a14b0c9)]&amp;#27;[39m Calling AppiumDriver.getSession() with args: [&quot;8a14b0c9-3063-4488-bc3e-071f8a5e88d3&quot;]
[debug] &amp;#27;[35m[UiAutomator2]&amp;#27;[39m Getting session details from server to mix in
[debug] &amp;#27;[35m[WD Proxy]&amp;#27;[39m Matched &apos;/&apos; to command name &apos;getSession&apos;
[debug] &amp;#27;[35m[WD Proxy]&amp;#27;[39m Proxying [GET /] to [GET http://localhost:8219/wd/hub/session/9b66e457-74a8-4c0f-bc2b-823b3d69dd6f] with body: {}
[debug] &amp;#27;[35m[WD Proxy]&amp;#27;[39m Got response with status 200: &quot;{\&quot;sessionId\&quot;:\&quot;9b66e457-74a8-4c0f-bc2b-823b3d69dd6f\&quot;,\&quot;status\&quot;:0,\&quot;value\&quot;:{}}&quot;
[debug] &amp;#27;[35m[W3C (8a14b0c9)]&amp;#27;[39m Responding to client with driver.getSession() result: {&quot;platform&quot;:&quot;LINUX&quot;,&quot;webStorageEnabled&quot;:false,&quot;takesScreenshot&quot;:true,&quot;javascriptEnabled&quot;:true,&quot;databaseEnabled&quot;:false,&quot;networkConnectionEnabled&quot;:true,&quot;locationContextEnabled&quot;:false,&quot;warnings&quot;:{},&quot;desired&quot;:{&quot;platformName&quot;:&quot;android&quot;,&quot;app&quot;:&quot;D:\\Lesson\\Appium\\Project\\1. Eclipse\\OVOLogin\\src\\OVO_v2.13.0.apk&quot;,&quot;automationName&quot;:&quot;uiautomator2&quot;,&quot;deviceName&quot;:&quot;Samsung SM-G960F&quot;,&quot;newCommandTimeout&quot;:14},&quot;platformName&quot;:&quot;android&quot;,&quot;app&quot;:&quot;D:\\Lesson\\Appium\\Project\\1. Eclipse\\OVOLogin\\src\\OVO_v2.13.0.apk&quot;,&quot;automationName&quot;:&quot;uiautomator2&quot;,&quot;deviceName&quot;:&quot;2283d4de36047ece&quot;,&quot;newCommandTimeout&quot;:14,&quot;deviceUDID&quot;:&quot;2283d4de36047ece&quot;,&quot;appPackage&quot;:&quot;ovo.id&quot;,&quot;deviceApiLevel&quot;:28,&quot;platformVersion&quot;:&quot;9&quot;,&quot;deviceScreenSize&quot;:&quot;1080x2220&quot;,&quot;deviceScreenDensity&quot;:480,&quot;deviceModel&quot;:&quot;SM-G960F&quot;,&quot;deviceManufacturer&quot;:&quot;samsung&quot;,&quot;pixelRatio&quot;:3,&quot;statBarHeight&quot;:72,&quot;viewportRect&quot;:{&quot;left&quot;:0,&quot;top&quot;:72,&quot;width&quot;:1080,&quot;height&quot;:2103}}
&amp;#27;[35m[HTTP]&amp;#27;[39m &amp;#27;[37m&lt;-- GET /wd/hub/session/8a14b0c9-3063-4488-bc3e-071f8a5e88d3 &amp;#27;[39m&amp;#27;[32m200&amp;#27;[39m &amp;#27;[90m24 ms - 906&amp;#27;[39m
&amp;#27;[35m[HTTP]&amp;#27;[39m &amp;#27;[90m&amp;#27;[39m
&amp;#27;[35m[HTTP]&amp;#27;[39m &amp;#27;[37m--&gt;&amp;#27;[39m &amp;#27;[37mGET&amp;#27;[39m &amp;#27;[37m/wd/hub/session/8a14b0c9-3063-4488-bc3e-071f8a5e88d3&amp;#27;[39m
&amp;#27;[35m[HTTP]&amp;#27;[39m &amp;#27;[90m{}&amp;#27;[39m
[debug] &amp;#27;[35m[W3C (8a14b0c9)]&amp;#27;[39m Calling AppiumDriver.getSession() with args: [&quot;8a14b0c9-3063-4488-bc3e-071f8a5e88d3&quot;]
[debug] &amp;#27;[35m[UiAutomator2]&amp;#27;[39m Getting session details from server to mix in
[debug] &amp;#27;[35m[WD Proxy]&amp;#27;[39m Matched &apos;/&apos; to command name &apos;getSession&apos;
[debug] &amp;#27;[35m[WD Proxy]&amp;#27;[39m Proxying [GET /] to [GET http://localhost:8219/wd/hub/session/9b66e457-74a8-4c0f-bc2b-823b3d69dd6f] with body: {}
[debug] &amp;#27;[35m[WD Proxy]&amp;#27;[39m Got response with status 200: &quot;{\&quot;sessionId\&quot;:\&quot;9b66e457-74a8-4c0f-bc2b-823b3d69dd6f\&quot;,\&quot;status\&quot;:0,\&quot;value\&quot;:{}}&quot;
[debug] &amp;#27;[35m[W3C (8a14b0c9)]&amp;#27;[39m Responding to client with driver.getSession() result: {&quot;platform&quot;:&quot;LINUX&quot;,&quot;webStorageEnabled&quot;:false,&quot;takesScreenshot&quot;:true,&quot;javascriptEnabled&quot;:true,&quot;databaseEnabled&quot;:false,&quot;networkConnectionEnabled&quot;:true,&quot;locationContextEnabled&quot;:false,&quot;warnings&quot;:{},&quot;desired&quot;:{&quot;platformName&quot;:&quot;android&quot;,&quot;app&quot;:&quot;D:\\Lesson\\Appium\\Project\\1. Eclipse\\OVOLogin\\src\\OVO_v2.13.0.apk&quot;,&quot;automationName&quot;:&quot;uiautomator2&quot;,&quot;deviceName&quot;:&quot;Samsung SM-G960F&quot;,&quot;newCommandTimeout&quot;:14},&quot;platformName&quot;:&quot;android&quot;,&quot;app&quot;:&quot;D:\\Lesson\\Appium\\Project\\1. Eclipse\\OVOLogin\\src\\OVO_v2.13.0.apk&quot;,&quot;automationName&quot;:&quot;uiautomator2&quot;,&quot;deviceName&quot;:&quot;2283d4de36047ece&quot;,&quot;newCommandTimeout&quot;:14,&quot;deviceUDID&quot;:&quot;2283d4de36047ece&quot;,&quot;appPackage&quot;:&quot;ovo.id&quot;,&quot;deviceApiLevel&quot;:28,&quot;platformVersion&quot;:&quot;9&quot;,&quot;deviceScreenSize&quot;:&quot;1080x2220&quot;,&quot;deviceScreenDensity&quot;:480,&quot;deviceModel&quot;:&quot;SM-G960F&quot;,&quot;deviceManufacturer&quot;:&quot;samsung&quot;,&quot;pixelRatio&quot;:3,&quot;statBarHeight&quot;:72,&quot;viewportRect&quot;:{&quot;left&quot;:0,&quot;top&quot;:72,&quot;width&quot;:1080,&quot;height&quot;:2103}}
&amp;#27;[35m[HTTP]&amp;#27;[39m &amp;#27;[37m&lt;-- GET /wd/hub/session/8a14b0c9-3063-4488-bc3e-071f8a5e88d3 &amp;#27;[39m&amp;#27;[32m200&amp;#27;[39m &amp;#27;[90m52 ms - 906&amp;#27;[39m
&amp;#27;[35m[HTTP]&amp;#27;[39m &amp;#27;[90m&amp;#27;[39m
&amp;#27;[35m[HTTP]&amp;#27;[39m &amp;#27;[37m--&gt;&amp;#27;[39m &amp;#27;[37mGET&amp;#27;[39m &amp;#27;[37m/wd/hub/session/8a14b0c9-3063-4488-bc3e-071f8a5e88d3/screenshot&amp;#27;[39m
&amp;#27;[35m[HTTP]&amp;#27;[39m &amp;#27;[90m{}&amp;#27;[39m
[debug] &amp;#27;[35m[W3C (8a14b0c9)]&amp;#27;[39m Calling AppiumDriver.getScreenshot() with args: [&quot;8a14b0c9-3063-4488-bc3e-071f8a5e88d3&quot;]
[debug] &amp;#27;[35m[WD Proxy]&amp;#27;[39m Matched &apos;/screenshot&apos; to command name &apos;getScreenshot&apos;
[debug] &amp;#27;[35m[WD Proxy]&amp;#27;[39m Proxying [GET /screenshot] to [GET http://localhost:8219/wd/hub/session/9b66e457-74a8-4c0f-bc2b-823b3d69dd6f/screenshot] with no body
[debug] &amp;#27;[35m[WD Proxy]&amp;#27;[39m Got response with status 200: &quot;{\&quot;sessionId\&quot;:\&quot;9b66e457-74a8-4c0f-bc2b-823b3d69dd6f\&quot;,\&quot;status\&quot;:0,\&quot;value\&quot;:\&quot;iVBORw0KGgoAAAANSUhEUgAABDgAAAisCAYAAACtR1KuAAAABHNCSVQICAgIfAhkiAAAIABJREFU\\neJzs3Xd8VGXaxvHrzCQhvdI7oZdQQhdFUFARsIuNtWF3Xd11fdW1l93VtZfV3bUusnZFQSmiIqBI\\n7713QgkkIb3Mef+YZDLDpExCCo\\/8vvvZD3MmZ855gmEy5zr3cz9W67gBtgAAAAAAAAzmqO8BAAAA\\nAAAAnCgCDgAAAAAAYDwCDgAAAAAAYDwCDgAAAAAAYDwCDgAAAAAAYDwCDgAAAAAAYDwCDgAAAAAA\\nYDwCDgAAAAAAYDwCDgAAAAAAYDwCDgAAAAAAYDwCDgAAAAAAYDwCDgAAAAAAYDwCDgAAAAAAYDwC\\nDgAAAAAAYLyg+h4AgIo5LMllux8P6pKlK4ceUc9WOYoILdLho04t2BSpSXMTtP1gA599AQAAAOBU\\nYrWOG8DlEHCSsSRZlnTBkAw9fe1+RYQUqbBAcsp2Jxi2LblU\\/Kf7cVGRLWeQrR0HGujBT1pr8dZI\\nwg4AAAAApwwCDuAkY0ma9o8d6tA0V05bpSGGreIwo+yAQy5bdvG27ZJsl\\/TxkoZ69IvWsvlXDgAA\\nAOA3jikqwEnC4ZCeuvmgrjjjqLs5jqv6x3JXgNi6JvmgDqcH6ZVZzWtolAAAAABqQ+MmDdWjV+eA\\n9l29YoMOHUyt5RGZh4ADJ52mzRpp4JBkxSfE1sv5i4qKtH\\/vAc39caHy8vLr5JyxkUVa8NY2haik\\nMqPmjn3HsH169fvmdV7F4XA4NHBIH3Xu2l6WZdXtySXl5eZp2eLV2rBua52fGwAA1K5zxwzTgEG9\\nJUmph4\\/qjZf\\/W+Z+UdGROuf8oeo7oKeaNmuk0NAGys3N07o1mzX50xnaun...
[debug] &amp;#27;[35m[W3C (8a14b0c9)]&amp;#27;[39m Responding to client with driver.getScreenshot() result: &quot;iVBORw0KGgoAAAANSUhEUgAABDgAAAisCAYAAACtR1KuAAAABHNCSVQICAgIfAhkiAAAIABJREFU\neJzs3Xd8VGXaxvHrzCQhvdI7oZdQQhdFUFARsIuNtWF3Xd11fdW1l93VtZfV3bUusnZFQSmiIqBI\n7713QgkkIb3Mef+YZDLDpExCCo/8vvvZD3MmZ855gmEy5zr3cz9W67gBtgAAAAAAAAzmqO8BAAAA\nAAAAnCgCDgAAAAAAYDwCDgAAAAAAYDwCDgAAAAAAYDwCDgAAAAAAYDwCDgAAAAAAYDwCDgAAAAAA\nYDwCDgAAAAAAYDwCDgAAAAAAYDwCDgAAAAAAYDwCDgAAAAAAYDwCDgAAAAAAYDwCDgAAAAAAYDwC\nDgAAAAAAYLyg+h4AgIo5LMllux8P6pKlK4ceUc9WOYoILdLho04t2BSpSXMTtP1gA599AQAAAOBU\nYrWOG8DlEHCSsSRZlnTBkAw9fe1+RYQUqbBAcsp2Jxi2LblU/Kf7cVGRLWeQrR0HGujBT1pr8dZI\nwg4AAAAApwwCDuAkY0ma9o8d6tA0V05bpSGGreIwo+yAQy5bdvG27ZJsl/TxkoZ69IvWsvlXDgAA\nAOA3jikqwEnC4ZCeuvmgrjjjqLs5jqv6x3JXgNi6JvmgDqcH6ZVZzWtolAAAAABqQ+MmDdWjV+eA\n9l29YoMOHUyt5RGZh4ADJ52mzRpp4JBkxSfE1sv5i4qKtH/vAc39caHy8vLr5JyxkUVa8NY2haik\nMqPmjn3HsH169fvmdV7F4XA4NHBIH3Xu2l6WZdXtySXl5eZp2eLV2rBua52fGwAA1K5zxwzTgEG9\nJUmph4/qjZf/W+Z+UdGROuf8oeo7oKeaNmuk0NAGys3N07o1mzX50xnaunlHHY4aqFhkZHjA+0ZF\nRRBwlIGAowJBQU6NGDVUwUFBmjp5Vn0Pp1Z07d5B1950uUJCgvX9jHmaPnV2vY4nqXcX3fN/Nyk8\nPKxexy...
&amp;#27;[35m[HTTP]&amp;#27;[39m &amp;#27;[37m&lt;-- GET /wd/hub/session/8a14b0c9-3063-4488-bc3e-071f8a5e88d3/screenshot &amp;#27;[39m&amp;#27;[32m200&amp;#27;[39m &amp;#27;[90m620 ms - 293806&amp;#27;[39m
&amp;#27;[35m[HTTP]&amp;#27;[39m &amp;#27;[90m&amp;#27;[39m
&amp;#27;[35m[HTTP]&amp;#27;[39m &amp;#27;[37m--&gt;&amp;#27;[39m &amp;#27;[37mGET&amp;#27;[39m &amp;#27;[37m/wd/hub/session/8a14b0c9-3063-4488-bc3e-071f8a5e88d3&amp;#27;[39m
&amp;#27;[35m[HTTP]&amp;#27;[39m &amp;#27;[90m{}&amp;#27;[39m
[debug] &amp;#27;[35m[W3C (8a14b0c9)]&amp;#27;[39m Calling AppiumDriver.getSession() with args: [&quot;8a14b0c9-3063-4488-bc3e-071f8a5e88d3&quot;]
[debug] &amp;#27;[35m[UiAutomator2]&amp;#27;[39m Getting session details from server to mix in
[debug] &amp;#27;[35m[WD Proxy]&amp;#27;[39m Matched &apos;/&apos; to command name &apos;getSession&apos;
[debug] &amp;#27;[35m[WD Proxy]&amp;#27;[39m Proxying [GET /] to [GET http://localhost:8219/wd/hub/session/9b66e457-74a8-4c0f-bc2b-823b3d69dd6f] with body: {}
[debug] &amp;#27;[35m[WD Proxy]&amp;#27;[39m Got response with status 200: &quot;{\&quot;sessionId\&quot;:\&quot;9b66e457-74a8-4c0f-bc2b-823b3d69dd6f\&quot;,\&quot;status\&quot;:0,\&quot;value\&quot;:{}}&quot;
[debug] &amp;#27;[35m[W3C (8a14b0c9)]&amp;#27;[39m Responding to client with driver.getSession() result: {&quot;platform&quot;:&quot;LINUX&quot;,&quot;webStorageEnabled&quot;:false,&quot;takesScreenshot&quot;:true,&quot;javascriptEnabled&quot;:true,&quot;databaseEnabled&quot;:false,&quot;networkConnectionEnabled&quot;:true,&quot;locationContextEnabled&quot;:false,&quot;warnings&quot;:{},&quot;desired&quot;:{&quot;platformName&quot;:&quot;android&quot;,&quot;app&quot;:&quot;D:\\Lesson\\Appium\\Project\\1. Eclipse\\OVOLogin\\src\\OVO_v2.13.0.apk&quot;,&quot;automationName&quot;:&quot;uiautomator2&quot;,&quot;deviceName&quot;:&quot;Samsung SM-G960F&quot;,&quot;newCommandTimeout&quot;:14},&quot;platformName&quot;:&quot;android&quot;,&quot;app&quot;:&quot;D:\\Lesson\\Appium\\Project\\1. Eclipse\\OVOLogin\\src\\OVO_v2.13.0.apk&quot;,&quot;automationName&quot;:&quot;uiautomator2&quot;,&quot;deviceName&quot;:&quot;2283d4de36047ece&quot;,&quot;newCommandTimeout&quot;:14,&quot;deviceUDID&quot;:&quot;2283d4de36047ece&quot;,&quot;appPackage&quot;:&quot;ovo.id&quot;,&quot;deviceApiLevel&quot;:28,&quot;platformVersion&quot;:&quot;9&quot;,&quot;deviceScreenSize&quot;:&quot;1080x2220&quot;,&quot;deviceScreenDensity&quot;:480,&quot;deviceModel&quot;:&quot;SM-G960F&quot;,&quot;deviceManufacturer&quot;:&quot;samsung&quot;,&quot;pixelRatio&quot;:3,&quot;statBarHeight&quot;:72,&quot;viewportRect&quot;:{&quot;left&quot;:0,&quot;top&quot;:72,&quot;width&quot;:1080,&quot;height&quot;:2103}}
&amp;#27;[35m[HTTP]&amp;#27;[39m &amp;#27;[37m&lt;-- GET /wd/hub/session/8a14b0c9-3063-4488-bc3e-071f8a5e88d3 &amp;#27;[39m&amp;#27;[32m200&amp;#27;[39m &amp;#27;[90m20 ms - 906&amp;#27;[39m
&amp;#27;[35m[HTTP]&amp;#27;[39m &amp;#27;[90m&amp;#27;[39m
&amp;#27;[35m[HTTP]&amp;#27;[39m &amp;#27;[37m--&gt;&amp;#27;[39m &amp;#27;[37mPOST&amp;#27;[39m &amp;#27;[37m/wd/hub/session/8a14b0c9-3063-4488-bc3e-071f8a5e88d3/element&amp;#27;[39m
&amp;#27;[35m[HTTP]&amp;#27;[39m &amp;#27;[90m{&quot;using&quot;:&quot;id&quot;,&quot;value&quot;:&quot;ovo.id:id/btn_negative&quot;}&amp;#27;[39m
[debug] &amp;#27;[35m[W3C (8a14b0c9)]&amp;#27;[39m Calling AppiumDriver.findElement() with args: [&quot;id&quot;,&quot;ovo.id:id/btn_negative&quot;,&quot;8a14b0c9-3063-4488-bc3e-071f8a5e88d3&quot;]
[debug] &amp;#27;[35m[BaseDriver]&amp;#27;[39m Valid locator strategies for this request: xpath, id, class name, accessibility id, -android uiautomator
[debug] &amp;#27;[35m[BaseDriver]&amp;#27;[39m Waiting up to 10000 ms for condition
[debug] &amp;#27;[35m[WD Proxy]&amp;#27;[39m Matched &apos;/element&apos; to command name &apos;findElement&apos;
[debug] &amp;#27;[35m[WD Proxy]&amp;#27;[39m Proxying [POST /element] to [POST http://localhost:8219/wd/hub/session/9b66e457-74a8-4c0f-bc2b-823b3d69dd6f/element] with body: {&quot;strategy&quot;:&quot;id&quot;,&quot;selector&quot;:&quot;ovo.id:id/btn_negative&quot;,&quot;context&quot;:&quot;&quot;,&quot;multiple&quot;:false}
[debug] &amp;#27;[35m[WD Proxy]&amp;#27;[39m Got response with status 200: {&quot;sessionId&quot;:&quot;9b66e457-74a8-4c0f-bc2b-823b3d69dd6f&quot;,&quot;status&quot;:0,&quot;value&quot;:{&quot;ELEMENT&quot;:&quot;ea99b49c-5c95-4842-8985-23825f67c537&quot;}}
[debug] &amp;#27;[35m[W3C (8a14b0c9)]&amp;#27;[39m Responding to client with driver.findElement() result: {&quot;element-6066-11e4-a52e-4f735466cecf&quot;:&quot;ea99b49c-5c95-4842-8985-23825f67c537&quot;,&quot;ELEMENT&quot;:&quot;ea99b49c-5c95-4842-8985-23825f67c537&quot;}
&amp;#27;[35m[HTTP]&amp;#27;[39m &amp;#27;[37m&lt;-- POST /wd/hub/session/8a14b0c9-3063-4488-bc3e-071f8a5e88d3/element &amp;#27;[39m&amp;#27;[32m200&amp;#27;[39m &amp;#27;[90m57 ms - 137&amp;#27;[39m
&amp;#27;[35m[HTTP]&amp;#27;[39m &amp;#27;[90m&amp;#27;[39m
&amp;#27;[35m[HTTP]&amp;#27;[39m &amp;#27;[37m--&gt;&amp;#27;[39m &amp;#27;[37mPOST&amp;#27;[39m &amp;#27;[37m/wd/hub/session/8a14b0c9-3063-4488-bc3e-071f8a5e88d3/element/ea99b49c-5c95-4842-8985-23825f67c537/click&amp;#27;[39m
&amp;#27;[35m[HTTP]&amp;#27;[39m &amp;#27;[90m{&quot;id&quot;:&quot;ea99b49c-5c95-4842-8985-23825f67c537&quot;}&amp;#27;[39m
[debug] &amp;#27;[35m[W3C (8a14b0c9)]&amp;#27;[39m Calling AppiumDriver.click() with args: [&quot;ea99b49c-5c95-4842-8985-23825f67c537&quot;,&quot;8a14b0c9-3063-4488-bc3e-071f8a5e88d3&quot;]
[debug] &amp;#27;[35m[WD Proxy]&amp;#27;[39m Matched &apos;/element/ea99b49c-5c95-4842-8985-23825f67c537/click&apos; to command name &apos;click&apos;
[debug] &amp;#27;[35m[WD Proxy]&amp;#27;[39m Proxying [POST /element/ea99b49c-5c95-4842-8985-23825f67c537/click] to [POST http://localhost:8219/wd/hub/session/9b66e457-74a8-4c0f-bc2b-823b3d69dd6f/element/ea99b49c-5c95-4842-8985-23825f67c537/click] with body: {&quot;element&quot;:&quot;ea99b49c-5c95-4842-8985-23825f67c537&quot;}
[debug] &amp;#27;[35m[WD Proxy]&amp;#27;[39m Got response with status 200: {&quot;sessionId&quot;:&quot;9b66e457-74a8-4c0f-bc2b-823b3d69dd6f&quot;,&quot;status&quot;:0,&quot;value&quot;:true}
[debug] &amp;#27;[35m[W3C (8a14b0c9)]&amp;#27;[39m Responding to client with driver.click() result: true
&amp;#27;[35m[HTTP]&amp;#27;[39m &amp;#27;[37m&lt;-- POST /wd/hub/session/8a14b0c9-3063-4488-bc3e-071f8a5e88d3/element/ea99b49c-5c95-4842-8985-23825f67c537/click &amp;#27;[39m&amp;#27;[32m200&amp;#27;[39m &amp;#27;[90m43 ms - 14&amp;#27;[39m
&amp;#27;[35m[HTTP]&amp;#27;[39m &amp;#27;[90m&amp;#27;[39m
&amp;#27;[35m[HTTP]&amp;#27;[39m &amp;#27;[37m--&gt;&amp;#27;[39m &amp;#27;[37mGET&amp;#27;[39m &amp;#27;[37m/wd/hub/session/8a14b0c9-3063-4488-bc3e-071f8a5e88d3&amp;#27;[39m
&amp;#27;[35m[HTTP]&amp;#27;[39m &amp;#27;[90m{}&amp;#27;[39m
[debug] &amp;#27;[35m[W3C (8a14b0c9)]&amp;#27;[39m Calling AppiumDriver.getSession() with args: [&quot;8a14b0c9-3063-4488-bc3e-071f8a5e88d3&quot;]
[debug] &amp;#27;[35m[UiAutomator2]&amp;#27;[39m Getting session details from server to mix in
[debug] &amp;#27;[35m[WD Proxy]&amp;#27;[39m Matched &apos;/&apos; to command name &apos;getSession&apos;
[debug] &amp;#27;[35m[WD Proxy]&amp;#27;[39m Proxying [GET /] to [GET http://localhost:8219/wd/hub/session/9b66e457-74a8-4c0f-bc2b-823b3d69dd6f] with body: {}
[debug] &amp;#27;[35m[WD Proxy]&amp;#27;[39m Got response with status 200: &quot;{\&quot;sessionId\&quot;:\&quot;9b66e457-74a8-4c0f-bc2b-823b3d69dd6f\&quot;,\&quot;status\&quot;:0,\&quot;value\&quot;:{}}&quot;
[debug] &amp;#27;[35m[W3C (8a14b0c9)]&amp;#27;[39m Responding to client with driver.getSession() result: {&quot;platform&quot;:&quot;LINUX&quot;,&quot;webStorageEnabled&quot;:false,&quot;takesScreenshot&quot;:true,&quot;javascriptEnabled&quot;:true,&quot;databaseEnabled&quot;:false,&quot;networkConnectionEnabled&quot;:true,&quot;locationContextEnabled&quot;:false,&quot;warnings&quot;:{},&quot;desired&quot;:{&quot;platformName&quot;:&quot;android&quot;,&quot;app&quot;:&quot;D:\\Lesson\\Appium\\Project\\1. Eclipse\\OVOLogin\\src\\OVO_v2.13.0.apk&quot;,&quot;automationName&quot;:&quot;uiautomator2&quot;,&quot;deviceName&quot;:&quot;Samsung SM-G960F&quot;,&quot;newCommandTimeout&quot;:14},&quot;platformName&quot;:&quot;android&quot;,&quot;app&quot;:&quot;D:\\Lesson\\Appium\\Project\\1. Eclipse\\OVOLogin\\src\\OVO_v2.13.0.apk&quot;,&quot;automationName&quot;:&quot;uiautomator2&quot;,&quot;deviceName&quot;:&quot;2283d4de36047ece&quot;,&quot;newCommandTimeout&quot;:14,&quot;deviceUDID&quot;:&quot;2283d4de36047ece&quot;,&quot;appPackage&quot;:&quot;ovo.id&quot;,&quot;deviceApiLevel&quot;:28,&quot;platformVersion&quot;:&quot;9&quot;,&quot;deviceScreenSize&quot;:&quot;1080x2220&quot;,&quot;deviceScreenDensity&quot;:480,&quot;deviceModel&quot;:&quot;SM-G960F&quot;,&quot;deviceManufacturer&quot;:&quot;samsung&quot;,&quot;pixelRatio&quot;:3,&quot;statBarHeight&quot;:72,&quot;viewportRect&quot;:{&quot;left&quot;:0,&quot;top&quot;:72,&quot;width&quot;:1080,&quot;height&quot;:2103}}
&amp;#27;[35m[HTTP]&amp;#27;[39m &amp;#27;[37m&lt;-- GET /wd/hub/session/8a14b0c9-3063-4488-bc3e-071f8a5e88d3 &amp;#27;[39m&amp;#27;[32m200&amp;#27;[39m &amp;#27;[90m33 ms - 906&amp;#27;[39m
&amp;#27;[35m[HTTP]&amp;#27;[39m &amp;#27;[90m&amp;#27;[39m
&amp;#27;[35m[HTTP]&amp;#27;[39m &amp;#27;[37m--&gt;&amp;#27;[39m &amp;#27;[37mPOST&amp;#27;[39m &amp;#27;[37m/wd/hub/session/8a14b0c9-3063-4488-bc3e-071f8a5e88d3/element&amp;#27;[39m
&amp;#27;[35m[HTTP]&amp;#27;[39m &amp;#27;[90m{&quot;using&quot;:&quot;xpath&quot;,&quot;value&quot;:&quot;//android.widget.Button[@text=&apos;KEMBALI&apos;]&quot;}&amp;#27;[39m
[debug] &amp;#27;[35m[W3C (8a14b0c9)]&amp;#27;[39m Calling AppiumDriver.findElement() with args: [&quot;xpath&quot;,&quot;//android.widget.Button[@text=&apos;KEMBALI&apos;]&quot;,&quot;8a14b0c9-3063-4488-bc3e-071f8a5e88d3&quot;]
[debug] &amp;#27;[35m[BaseDriver]&amp;#27;[39m Valid locator strategies for this request: xpath, id, class name, accessibility id, -android uiautomator
[debug] &amp;#27;[35m[BaseDriver]&amp;#27;[39m Waiting up to 10000 ms for condition
[debug] &amp;#27;[35m[WD Proxy]&amp;#27;[39m Matched &apos;/element&apos; to command name &apos;findElement&apos;
[debug] &amp;#27;[35m[WD Proxy]&amp;#27;[39m Proxying [POST /element] to [POST http://localhost:8219/wd/hub/session/9b66e457-74a8-4c0f-bc2b-823b3d69dd6f/element] with body: {&quot;strategy&quot;:&quot;xpath&quot;,&quot;selector&quot;:&quot;//android.widget.Button[@text=&apos;KEMBALI&apos;]&quot;,&quot;context&quot;:&quot;&quot;,&quot;multiple&quot;:false}
[debug] &amp;#27;[35m[WD Proxy]&amp;#27;[39m Got response with status 200: {&quot;sessionId&quot;:&quot;9b66e457-74a8-4c0f-bc2b-823b3d69dd6f&quot;,&quot;status&quot;:0,&quot;value&quot;:{&quot;ELEMENT&quot;:&quot;9d6385b5-c812-4037-9b8a-fd5cd1a8feaa&quot;}}
[debug] &amp;#27;[35m[W3C (8a14b0c9)]&amp;#27;[39m Responding to client with driver.findElement() result: {&quot;element-6066-11e4-a52e-4f735466cecf&quot;:&quot;9d6385b5-c812-4037-9b8a-fd5cd1a8feaa&quot;,&quot;ELEMENT&quot;:&quot;9d6385b5-c812-4037-9b8a-fd5cd1a8feaa&quot;}
&amp;#27;[35m[HTTP]&amp;#27;[39m &amp;#27;[37m&lt;-- POST /wd/hub/session/8a14b0c9-3063-4488-bc3e-071f8a5e88d3/element &amp;#27;[39m&amp;#27;[32m200&amp;#27;[39m &amp;#27;[90m714 ms - 137&amp;#27;[39m
&amp;#27;[35m[HTTP]&amp;#27;[39m &amp;#27;[90m&amp;#27;[39m
&amp;#27;[35m[HTTP]&amp;#27;[39m &amp;#27;[37m--&gt;&amp;#27;[39m &amp;#27;[37mPOST&amp;#27;[39m &amp;#27;[37m/wd/hub/session/8a14b0c9-3063-4488-bc3e-071f8a5e88d3/element/9d6385b5-c812-4037-9b8a-fd5cd1a8feaa/click&amp;#27;[39m
&amp;#27;[35m[HTTP]&amp;#27;[39m &amp;#27;[90m{&quot;id&quot;:&quot;9d6385b5-c812-4037-9b8a-fd5cd1a8feaa&quot;}&amp;#27;[39m
[debug] &amp;#27;[35m[W3C (8a14b0c9)]&amp;#27;[39m Calling AppiumDriver.click() with args: [&quot;9d6385b5-c812-4037-9b8a-fd5cd1a8feaa&quot;,&quot;8a14b0c9-3063-4488-bc3e-071f8a5e88d3&quot;]
[debug] &amp;#27;[35m[WD Proxy]&amp;#27;[39m Matched &apos;/element/9d6385b5-c812-4037-9b8a-fd5cd1a8feaa/click&apos; to command name &apos;click&apos;
[debug] &amp;#27;[35m[WD Proxy]&amp;#27;[39m Proxying [POST /element/9d6385b5-c812-4037-9b8a-fd5cd1a8feaa/click] to [POST http://localhost:8219/wd/hub/session/9b66e457-74a8-4c0f-bc2b-823b3d69dd6f/element/9d6385b5-c812-4037-9b8a-fd5cd1a8feaa/click] with body: {&quot;element&quot;:&quot;9d6385b5-c812-4037-9b8a-fd5cd1a8feaa&quot;}
[debug] &amp;#27;[35m[WD Proxy]&amp;#27;[39m Got response with status 200: {&quot;sessionId&quot;:&quot;9b66e457-74a8-4c0f-bc2b-823b3d69dd6f&quot;,&quot;status&quot;:0,&quot;value&quot;:true}
[debug] &amp;#27;[35m[W3C (8a14b0c9)]&amp;#27;[39m Responding to client with driver.click() result: true
&amp;#27;[35m[HTTP]&amp;#27;[39m &amp;#27;[37m&lt;-- POST /wd/hub/session/8a14b0c9-3063-4488-bc3e-071f8a5e88d3/element/9d6385b5-c812-4037-9b8a-fd5cd1a8feaa/click &amp;#27;[39m&amp;#27;[32m200&amp;#27;[39m &amp;#27;[90m62 ms - 14&amp;#27;[39m
&amp;#27;[35m[HTTP]&amp;#27;[39m &amp;#27;[90m&amp;#27;[39m
&amp;#27;[35m[HTTP]&amp;#27;[39m &amp;#27;[37m--&gt;&amp;#27;[39m &amp;#27;[37mGET&amp;#27;[39m &amp;#27;[37m/wd/hub/session/8a14b0c9-3063-4488-bc3e-071f8a5e88d3&amp;#27;[39m
&amp;#27;[35m[HTTP]&amp;#27;[39m &amp;#27;[90m{}&amp;#27;[39m
[debug] &amp;#27;[35m[W3C (8a14b0c9)]&amp;#27;[39m Calling AppiumDriver.getSession() with args: [&quot;8a14b0c9-3063-4488-bc3e-071f8a5e88d3&quot;]
[debug] &amp;#27;[35m[UiAutomator2]&amp;#27;[39m Getting session details from server to mix in
[debug] &amp;#27;[35m[WD Proxy]&amp;#27;[39m Matched &apos;/&apos; to command name &apos;getSession&apos;
[debug] &amp;#27;[35m[WD Proxy]&amp;#27;[39m Proxying [GET /] to [GET http://localhost:8219/wd/hub/session/9b66e457-74a8-4c0f-bc2b-823b3d69dd6f] with body: {}
[debug] &amp;#27;[35m[WD Proxy]&amp;#27;[39m Got response with status 200: &quot;{\&quot;sessionId\&quot;:\&quot;9b66e457-74a8-4c0f-bc2b-823b3d69dd6f\&quot;,\&quot;status\&quot;:0,\&quot;value\&quot;:{}}&quot;
[debug] &amp;#27;[35m[W3C (8a14b0c9)]&amp;#27;[39m Responding to client with driver.getSession() result: {&quot;platform&quot;:&quot;LINUX&quot;,&quot;webStorageEnabled&quot;:false,&quot;takesScreenshot&quot;:true,&quot;javascriptEnabled&quot;:true,&quot;databaseEnabled&quot;:false,&quot;networkConnectionEnabled&quot;:true,&quot;locationContextEnabled&quot;:false,&quot;warnings&quot;:{},&quot;desired&quot;:{&quot;platformName&quot;:&quot;android&quot;,&quot;app&quot;:&quot;D:\\Lesson\\Appium\\Project\\1. Eclipse\\OVOLogin\\src\\OVO_v2.13.0.apk&quot;,&quot;automationName&quot;:&quot;uiautomator2&quot;,&quot;deviceName&quot;:&quot;Samsung SM-G960F&quot;,&quot;newCommandTimeout&quot;:14},&quot;platformName&quot;:&quot;android&quot;,&quot;app&quot;:&quot;D:\\Lesson\\Appium\\Project\\1. Eclipse\\OVOLogin\\src\\OVO_v2.13.0.apk&quot;,&quot;automationName&quot;:&quot;uiautomator2&quot;,&quot;deviceName&quot;:&quot;2283d4de36047ece&quot;,&quot;newCommandTimeout&quot;:14,&quot;deviceUDID&quot;:&quot;2283d4de36047ece&quot;,&quot;appPackage&quot;:&quot;ovo.id&quot;,&quot;deviceApiLevel&quot;:28,&quot;platformVersion&quot;:&quot;9&quot;,&quot;deviceScreenSize&quot;:&quot;1080x2220&quot;,&quot;deviceScreenDensity&quot;:480,&quot;deviceModel&quot;:&quot;SM-G960F&quot;,&quot;deviceManufacturer&quot;:&quot;samsung&quot;,&quot;pixelRatio&quot;:3,&quot;statBarHeight&quot;:72,&quot;viewportRect&quot;:{&quot;left&quot;:0,&quot;top&quot;:72,&quot;width&quot;:1080,&quot;height&quot;:2103}}
&amp;#27;[35m[HTTP]&amp;#27;[39m &amp;#27;[37m&lt;-- GET /wd/hub/session/8a14b0c9-3063-4488-bc3e-071f8a5e88d3 &amp;#27;[39m&amp;#27;[32m200&amp;#27;[39m &amp;#27;[90m24 ms - 906&amp;#27;[39m
&amp;#27;[35m[HTTP]&amp;#27;[39m &amp;#27;[90m&amp;#27;[39m
&amp;#27;[35m[HTTP]&amp;#27;[39m &amp;#27;[37m--&gt;&amp;#27;[39m &amp;#27;[37mPOST&amp;#27;[39m &amp;#27;[37m/wd/hub/session/8a14b0c9-3063-4488-bc3e-071f8a5e88d3/element&amp;#27;[39m
&amp;#27;[35m[HTTP]&amp;#27;[39m &amp;#27;[90m{&quot;using&quot;:&quot;xpath&quot;,&quot;value&quot;:&quot;//android.widget.Button[@text=&apos;SETUJU&apos;]&quot;}&amp;#27;[39m
[debug] &amp;#27;[35m[W3C (8a14b0c9)]&amp;#27;[39m Calling AppiumDriver.findElement() with args: [&quot;xpath&quot;,&quot;//android.widget.Button[@text=&apos;SETUJU&apos;]&quot;,&quot;8a14b0c9-3063-4488-bc3e-071f8a5e88d3&quot;]
[debug] &amp;#27;[35m[BaseDriver]&amp;#27;[39m Valid locator strategies for this request: xpath, id, class name, accessibility id, -android uiautomator
[debug] &amp;#27;[35m[BaseDriver]&amp;#27;[39m Waiting up to 10000 ms for condition
[debug] &amp;#27;[35m[WD Proxy]&amp;#27;[39m Matched &apos;/element&apos; to command name &apos;findElement&apos;
[debug] &amp;#27;[35m[WD Proxy]&amp;#27;[39m Proxying [POST /element] to [POST http://localhost:8219/wd/hub/session/9b66e457-74a8-4c0f-bc2b-823b3d69dd6f/element] with body: {&quot;strategy&quot;:&quot;xpath&quot;,&quot;selector&quot;:&quot;//android.widget.Button[@text=&apos;SETUJU&apos;]&quot;,&quot;context&quot;:&quot;&quot;,&quot;multiple&quot;:false}
[debug] &amp;#27;[35m[WD Proxy]&amp;#27;[39m Got response with status 200: {&quot;sessionId&quot;:&quot;9b66e457-74a8-4c0f-bc2b-823b3d69dd6f&quot;,&quot;status&quot;:0,&quot;value&quot;:{&quot;ELEMENT&quot;:&quot;eba2712d-305f-4cfd-9ace-02544b773231&quot;}}
[debug] &amp;#27;[35m[W3C (8a14b0c9)]&amp;#27;[39m Responding to client with driver.findElement() result: {&quot;element-6066-11e4-a52e-4f735466cecf&quot;:&quot;eba2712d-305f-4cfd-9ace-02544b773231&quot;,&quot;ELEMENT&quot;:&quot;eba2712d-305f-4cfd-9ace-02544b773231&quot;}
&amp;#27;[35m[HTTP]&amp;#27;[39m &amp;#27;[37m&lt;-- POST /wd/hub/session/8a14b0c9-3063-4488-bc3e-071f8a5e88d3/element &amp;#27;[39m&amp;#27;[32m200&amp;#27;[39m &amp;#27;[90m1218 ms - 137&amp;#27;[39m
&amp;#27;[35m[HTTP]&amp;#27;[39m &amp;#27;[90m&amp;#27;[39m
&amp;#27;[35m[HTTP]&amp;#27;[39m &amp;#27;[37m--&gt;&amp;#27;[39m &amp;#27;[37mPOST&amp;#27;[39m &amp;#27;[37m/wd/hub/session/8a14b0c9-3063-4488-bc3e-071f8a5e88d3/element/eba2712d-305f-4cfd-9ace-02544b773231/click&amp;#27;[39m
[...]
[debug] &amp;#27;[35m[WD Proxy]&amp;#27;[39m Got response with status 200: {&quot;sessionId&quot;:&quot;9b66e457-74a8-4c0f-bc2b-823b3d69dd6f&quot;,&quot;status&quot;:0,&quot;value&quot;:{&quot;ELEMENT&quot;:&quot;f6db3c01-962e-46e5-9394-f525dd111cb5&quot;}}
[debug] &amp;#27;[35m[W3C (8a14b0c9)]&amp;#27;[39m Responding to client with driver.findElement() result: {&quot;element-6066-11e4-a52e-4f735466cecf&quot;:&quot;f6db3c01-962e-46e5-9394-f525dd111cb5&quot;,&quot;ELEMENT&quot;:&quot;f6db3c01-962e-46e5-9394-f525dd111cb5&quot;}
&amp;#27;[35m[HTTP]&amp;#27;[39m &amp;#27;[37m&lt;-- POST /wd/hub/session/8a14b0c9-3063-4488-bc3e-071f8a5e88d3/element &amp;#27;[39m&amp;#27;[32m200&amp;#27;[39m &amp;#27;[90m900 ms - 137&amp;#27;[39m
&amp;#27;[35m[HTTP]&amp;#27;[39m &amp;#27;[90m&amp;#27;[39m
&amp;#27;[35m[HTTP]&amp;#27;[39m &amp;#27;[37m--&gt;&amp;#27;[39m &amp;#27;[37mPOST&amp;#27;[39m &amp;#27;[37m/wd/hub/session/8a14b0c9-3063-4488-bc3e-071f8a5e88d3/element/f6db3c01-962e-46e5-9394-f525dd111cb5/click&amp;#27;[39m
&amp;#27;[35m[HTTP]&amp;#27;[39m &amp;#27;[90m{&quot;id&quot;:&quot;f6db3c01-962e-46e5-9394-f525dd111cb5&quot;}&amp;#27;[39m
[debug] &amp;#27;[35m[W3C (8a14b0c9)]&amp;#27;[39m Calling AppiumDriver.click() with args: [&quot;f6db3c01-962e-46e5-9394-f525dd111cb5&quot;,&quot;8a14b0c9-3063-4488-bc3e-071f8a5e88d3&quot;]
[debug] &amp;#27;[35m[WD Proxy]&amp;#27;[39m Matched &apos;/element/f6db3c01-962e-46e5-9394-f525dd111cb5/click&apos; to command name &apos;click&apos;
[debug] &amp;#27;[35m[WD Proxy]&amp;#27;[39m Proxying [POST /element/f6db3c01-962e-46e5-9394-f525dd111cb5/click] to [POST http://localhost:8219/wd/hub/session/9b66e457-74a8-4c0f-bc2b-823b3d69dd6f/element/f6db3c01-962e-46e5-9394-f525dd111cb5/click] with body: {&quot;element&quot;:&quot;f6db3c01-962e-46e5-9394-f525dd111cb5&quot;}
[debug] &amp;#27;[35m[WD Proxy]&amp;#27;[39m Got response with status 200: {&quot;sessionId&quot;:&quot;9b66e457-74a8-4c0f-bc2b-823b3d69dd6f&quot;,&quot;status&quot;:0,&quot;value&quot;:true}
[debug] &amp;#27;[35m[W3C (8a14b0c9)]&amp;#27;[39m Responding to client with driver.click() result: true
&amp;#27;[35m[HTTP]&amp;#27;[39m &amp;#27;[37m&lt;-- POST /wd/hub/session/8a14b0c9-3063-4488-bc3e-071f8a5e88d3/element/f6db3c01-962e-46e5-9394-f525dd111cb5/click &amp;#27;[39m&amp;#27;[32m200&amp;#27;[39m &amp;#27;[90m149 ms - 14&amp;#27;[39m
&amp;#27;[35m[HTTP]&amp;#27;[39m &amp;#27;[90m&amp;#27;[39m
&amp;#27;[35m[HTTP]&amp;#27;[39m &amp;#27;[37m--&gt;&amp;#27;[39m &amp;#27;[37mGET&amp;#27;[39m &amp;#27;[37m/wd/hub/session/8a14b0c9-3063-4488-bc3e-071f8a5e88d3&amp;#27;[39m
&amp;#27;[35m[HTTP]&amp;#27;[39m &amp;#27;[90m{}&amp;#27;[39m
[debug] &amp;#27;[35m[W3C (8a14b0c9)]&amp;#27;[39m Calling AppiumDriver.getSession() with args: [&quot;8a14b0c9-3063-4488-bc3e-071f8a5e88d3&quot;]
[debug] &amp;#27;[35m[UiAutomator2]&amp;#27;[39m Getting session details from server to mix in
[debug] &amp;#27;[35m[WD Proxy]&amp;#27;[39m Matched &apos;/&apos; to command name &apos;getSession&apos;
[debug] &amp;#27;[35m[WD Proxy]&amp;#27;[39m Proxying [GET /] to [GET http://localhost:8219/wd/hub/session/9b66e457-74a8-4c0f-bc2b-823b3d69dd6f] with body: {}
[debug] &amp;#27;[35m[WD Proxy]&amp;#27;[39m Got response with status 200: &quot;{\&quot;sessionId\&quot;:\&quot;9b66e457-74a8-4c0f-bc2b-823b3d69dd6f\&quot;,\&quot;status\&quot;:0,\&quot;value\&quot;:{}}&quot;
[debug] &amp;#27;[35m[W3C (8a14b0c9)]&amp;#27;[39m Responding to client with driver.getSession() result: {&quot;platform&quot;:&quot;LINUX&quot;,&quot;webStorageEnabled&quot;:false,&quot;takesScreenshot&quot;:true,&quot;javascriptEnabled&quot;:true,&quot;databaseEnabled&quot;:false,&quot;networkConnectionEnabled&quot;:true,&quot;locationContextEnabled&quot;:false,&quot;warnings&quot;:{},&quot;desired&quot;:{&quot;platformName&quot;:&quot;android&quot;,&quot;app&quot;:&quot;D:\\Lesson\\Appium\\Project\\1. Eclipse\\OVOLogin\\src\\OVO_v2.13.0.apk&quot;,&quot;automationName&quot;:&quot;uiautomator2&quot;,&quot;deviceName&quot;:&quot;Samsung SM-G960F&quot;,&quot;newCommandTimeout&quot;:14},&quot;platformName&quot;:&quot;android&quot;,&quot;app&quot;:&quot;D:\\Lesson\\Appium\\Project\\1. Eclipse\\OVOLogin\\src\\OVO_v2.13.0.apk&quot;,&quot;automationName&quot;:&quot;uiautomator2&quot;,&quot;deviceName&quot;:&quot;2283d4de36047ece&quot;,&quot;newCommandTimeout&quot;:14,&quot;deviceUDID&quot;:&quot;2283d4de36047ece&quot;,&quot;appPackage&quot;:&quot;ovo.id&quot;,&quot;deviceApiLevel&quot;:28,&quot;platformVersion&quot;:&quot;9&quot;,&quot;deviceScreenSize&quot;:&quot;1080x2220&quot;,&quot;deviceScreenDensity&quot;:480,&quot;deviceModel&quot;:&quot;SM-G960F&quot;,&quot;deviceManufacturer&quot;:&quot;samsung&quot;,&quot;pixelRatio&quot;:3,&quot;statBarHeight&quot;:72,&quot;viewportRect&quot;:{&quot;left&quot;:0,&quot;top&quot;:72,&quot;width&quot;:1080,&quot;height&quot;:2103}}
&amp;#27;[35m[HTTP]&amp;#27;[39m &amp;#27;[37m&lt;-- GET /wd/hub/session/8a14b0c9-3063-4488-bc3e-071f8a5e88d3 &amp;#27;[39m&amp;#27;[32m200&amp;#27;[39m &amp;#27;[90m42 ms - 906&amp;#27;[39m
&amp;#27;[35m[HTTP]&amp;#27;[39m &amp;#27;[90m&amp;#27;[39m
&amp;#27;[35m[HTTP]&amp;#27;[39m &amp;#27;[37m--&gt;&amp;#27;[39m &amp;#27;[37mGET&amp;#27;[39m &amp;#27;[37m/wd/hub/session/8a14b0c9-3063-4488-bc3e-071f8a5e88d3&amp;#27;[39m
&amp;#27;[35m[HTTP]&amp;#27;[39m &amp;#27;[90m{}&amp;#27;[39m
[debug] &amp;#27;[35m[W3C (8a14b0c9)]&amp;#27;[39m Calling AppiumDriver.getSession() with args: [&quot;8a14b0c9-3063-4488-bc3e-071f8a5e88d3&quot;]
[debug] &amp;#27;[35m[UiAutomator2]&amp;#27;[39m Getting session details from server to mix in
[debug] &amp;#27;[35m[WD Proxy]&amp;#27;[39m Matched &apos;/&apos; to command name &apos;getSession&apos;
[debug] &amp;#27;[35m[WD Proxy]&amp;#27;[39m Proxying [GET /] to [GET http://localhost:8219/wd/hub/session/9b66e457-74a8-4c0f-bc2b-823b3d69dd6f] with body: {}
[debug] &amp;#27;[35m[WD Proxy]&amp;#27;[39m Got response with status 200: &quot;{\&quot;sessionId\&quot;:\&quot;9b66e457-74a8-4c0f-bc2b-823b3d69dd6f\&quot;,\&quot;status\&quot;:0,\&quot;value\&quot;:{}}&quot;
[debug] &amp;#27;[35m[W3C (8a14b0c9)]&amp;#27;[39m Responding to client with driver.getSession() result: {&quot;platform&quot;:&quot;LINUX&quot;,&quot;webStorageEnabled&quot;:false,&quot;takesScreenshot&quot;:true,&quot;javascriptEnabled&quot;:true,&quot;databaseEnabled&quot;:false,&quot;networkConnectionEnabled&quot;:true,&quot;locationContextEnabled&quot;:false,&quot;warnings&quot;:{},&quot;desired&quot;:{&quot;platformName&quot;:&quot;android&quot;,&quot;app&quot;:&quot;D:\\Lesson\\Appium\\Project\\1. Eclipse\\OVOLogin\\src\\OVO_v2.13.0.apk&quot;,&quot;automationName&quot;:&quot;uiautomator2&quot;,&quot;deviceName&quot;:&quot;Samsung SM-G960F&quot;,&quot;newCommandTimeout&quot;:14},&quot;platformName&quot;:&quot;android&quot;,&quot;app&quot;:&quot;D:\\Lesson\\Appium\\Project\\1. Eclipse\\OVOLogin\\src\\OVO_v2.13.0.apk&quot;,&quot;automationName&quot;:&quot;uiautomator2&quot;,&quot;deviceName&quot;:&quot;2283d4de36047ece&quot;,&quot;newCommandTimeout&quot;:14,&quot;deviceUDID&quot;:&quot;2283d4de36047ece&quot;,&quot;appPackage&quot;:&quot;ovo.id&quot;,&quot;deviceApiLevel&quot;:28,&quot;platformVersion&quot;:&quot;9&quot;,&quot;deviceScreenSize&quot;:&quot;1080x2220&quot;,&quot;deviceScreenDensity&quot;:480,&quot;deviceModel&quot;:&quot;SM-G960F&quot;,&quot;deviceManufacturer&quot;:&quot;samsung&quot;,&quot;pixelRatio&quot;:3,&quot;statBarHeight&quot;:72,&quot;viewportRect&quot;:{&quot;left&quot;:0,&quot;top&quot;:72,&quot;width&quot;:1080,&quot;height&quot;:2103}}
&amp;#27;[35m[HTTP]&amp;#27;[39m &amp;#27;[37m&lt;-- GET /wd/hub/session/8a14b0c9-3063-4488-bc3e-071f8a5e88d3 &amp;#27;[39m&amp;#27;[32m200&amp;#27;[39m &amp;#27;[90m33 ms - 906&amp;#27;[39m
&amp;#27;[35m[HTTP]&amp;#27;[39m &amp;#27;[90m&amp;#27;[39m
&amp;#27;[35m[HTTP]&amp;#27;[39m &amp;#27;[37m--&gt;&amp;#27;[39m &amp;#27;[37mGET&amp;#27;[39m &amp;#27;[37m/wd/hub/session/8a14b0c9-3063-4488-bc3e-071f8a5e88d3&amp;#27;[39m
&amp;#27;[35m[HTTP]&amp;#27;[39m &amp;#27;[90m{}&amp;#27;[39m
[debug] &amp;#27;[35m[W3C (8a14b0c9)]&amp;#27;[39m Calling AppiumDriver.getSession() with args: [&quot;8a14b0c9-3063-4488-bc3e-071f8a5e88d3&quot;]
[debug] &amp;#27;[35m[UiAutomator2]&amp;#27;[39m Getting session details from server to mix in
[debug] &amp;#27;[35m[WD Proxy]&amp;#27;[39m Matched &apos;/&apos; to command name &apos;getSession&apos;
[debug] &amp;#27;[35m[WD Proxy]&amp;#27;[39m Proxying [GET /] to [GET http://localhost:8219/wd/hub/session/9b66e457-74a8-4c0f-bc2b-823b3d69dd6f] with body: {}
[debug] &amp;#27;[35m[WD Proxy]&amp;#27;[39m Got response with status 200: &quot;{\&quot;sessionId\&quot;:\&quot;9b66e457-74a8-4c0f-bc2b-823b3d69dd6f\&quot;,\&quot;status\&quot;:0,\&quot;value\&quot;:{}}&quot;
[debug] &amp;#27;[35m[W3C (8a14b0c9)]&amp;#27;[39m Responding to client with driver.getSession() result: {&quot;platform&quot;:&quot;LINUX&quot;,&quot;webStorageEnabled&quot;:false,&quot;takesScreenshot&quot;:true,&quot;javascriptEnabled&quot;:true,&quot;databaseEnabled&quot;:false,&quot;networkConnectionEnabled&quot;:true,&quot;locationContextEnabled&quot;:false,&quot;warnings&quot;:{},&quot;desired&quot;:{&quot;platformName&quot;:&quot;android&quot;,&quot;app&quot;:&quot;D:\\Lesson\\Appium\\Project\\1. Eclipse\\OVOLogin\\src\\OVO_v2.13.0.apk&quot;,&quot;automationName&quot;:&quot;uiautomator2&quot;,&quot;deviceName&quot;:&quot;Samsung SM-G960F&quot;,&quot;newCommandTimeout&quot;:14},&quot;platformName&quot;:&quot;android&quot;,&quot;app&quot;:&quot;D:\\Lesson\\Appium\\Project\\1. Eclipse\\OVOLogin\\src\\OVO_v2.13.0.apk&quot;,&quot;automationName&quot;:&quot;uiautomator2&quot;,&quot;deviceName&quot;:&quot;2283d4de36047ece&quot;,&quot;newCommandTimeout&quot;:14,&quot;deviceUDID&quot;:&quot;2283d4de36047ece&quot;,&quot;appPackage&quot;:&quot;ovo.id&quot;,&quot;deviceApiLevel&quot;:28,&quot;platformVersion&quot;:&quot;9&quot;,&quot;deviceScreenSize&quot;:&quot;1080x2220&quot;,&quot;deviceScreenDensity&quot;:480,&quot;deviceModel&quot;:&quot;SM-G960F&quot;,&quot;deviceManufacturer&quot;:&quot;samsung&quot;,&quot;pixelRatio&quot;:3,&quot;statBarHeight&quot;:72,&quot;viewportRect&quot;:{&quot;left&quot;:0,&quot;top&quot;:72,&quot;width&quot;:1080,&quot;height&quot;:2103}}
&amp;#27;[35m[HTTP]&amp;#27;[39m &amp;#27;[37m&lt;-- GET /wd/hub/session/8a14b0c9-3063-4488-bc3e-071f8a5e88d3 &amp;#27;[39m&amp;#27;[32m200&amp;#27;[39m &amp;#27;[90m35 ms - 906&amp;#27;[39m
&amp;#27;[35m[HTTP]&amp;#27;[39m &amp;#27;[90m&amp;#27;[39m
&amp;#27;[35m[HTTP]&amp;#27;[39m &amp;#27;[37m--&gt;&amp;#27;[39m &amp;#27;[37mPOST&amp;#27;[39m &amp;#27;[37m/wd/hub/session/8a14b0c9-3063-4488-bc3e-071f8a5e88d3/element&amp;#27;[39m
&amp;#27;[35m[HTTP]&amp;#27;[39m &amp;#27;[90m{&quot;using&quot;:&quot;id&quot;,&quot;value&quot;:&quot;ovo.id:id/pin_entry&quot;}&amp;#27;[39m
[debug] &amp;#27;[35m[W3C (8a14b0c9)]&amp;#27;[39m Calling AppiumDriver.findElement() with args: [&quot;id&quot;,&quot;ovo.id:id/pin_entry&quot;,&quot;8a14b0c9-3063-4488-bc3e-071f8a5e88d3&quot;]
[debug] &amp;#27;[35m[BaseDriver]&amp;#27;[39m Valid locator strategies for this request: xpath, id, class name, accessibility id, -android uiautomator
[debug] &amp;#27;[35m[BaseDriver]&amp;#27;[39m Waiting up to 10000 ms for condition
[debug] &amp;#27;[35m[WD Proxy]&amp;#27;[39m Matched &apos;/element&apos; to command name &apos;findElement&apos;
[debug] &amp;#27;[35m[WD Proxy]&amp;#27;[39m Proxying [POST /element] to [POST http://localhost:8219/wd/hub/session/9b66e457-74a8-4c0f-bc2b-823b3d69dd6f/element] with body: {&quot;strategy&quot;:&quot;id&quot;,&quot;selector&quot;:&quot;ovo.id:id/pin_entry&quot;,&quot;context&quot;:&quot;&quot;,&quot;multiple&quot;:false}
[debug] &amp;#27;[35m[WD Proxy]&amp;#27;[39m Got response with status 200: {&quot;sessionId&quot;:&quot;9b66e457-74a8-4c0f-bc2b-823b3d69dd6f&quot;,&quot;status&quot;:0,&quot;value&quot;:{&quot;ELEMENT&quot;:&quot;b178cbb6-b1dd-4a00-b3db-57f5c0123f51&quot;}}
[debug] &amp;#27;[35m[W3C (8a14b0c9)]&amp;#27;[39m Responding to client with driver.findElement() result: {&quot;element-6066-11e4-a52e-4f735466cecf&quot;:&quot;b178cbb6-b1dd-4a00-b3db-57f5c0123f51&quot;,&quot;ELEMENT&quot;:&quot;b178cbb6-b1dd-4a00-b3db-57f5c0123f51&quot;}
&amp;#27;[35m[HTTP]&amp;#27;[39m &amp;#27;[37m&lt;-- POST /wd/hub/session/8a14b0c9-3063-4488-bc3e-071f8a5e88d3/element &amp;#27;[39m&amp;#27;[32m200&amp;#27;[39m &amp;#27;[90m2065 ms - 137&amp;#27;[39m
&amp;#27;[35m[HTTP]&amp;#27;[39m &amp;#27;[90m&amp;#27;[39m
&amp;#27;[35m[HTTP]&amp;#27;[39m &amp;#27;[37m--&gt;&amp;#27;[39m &amp;#27;[37mPOST&amp;#27;[39m &amp;#27;[37m/wd/hub/session/8a14b0c9-3063-4488-bc3e-071f8a5e88d3/element/b178cbb6-b1dd-4a00-b3db-57f5c0123f51/value&amp;#27;[39m
&amp;#27;[35m[HTTP]&amp;#27;[39m &amp;#27;[90m{&quot;id&quot;:&quot;b178cbb6-b1dd-4a00-b3db-57f5c0123f51&quot;,&quot;text&quot;:&quot;260186&quot;,&quot;value&quot;:[&quot;2&quot;,&quot;6&quot;,&quot;0&quot;,&quot;1&quot;,&quot;8&quot;,&quot;6&quot;]}&amp;#27;[39m
[debug] &amp;#27;[35m[W3C (8a14b0c9)]&amp;#27;[39m Calling AppiumDriver.setValue() with args: [[&quot;2&quot;,&quot;6&quot;,&quot;0&quot;,&quot;1&quot;,&quot;8&quot;,&quot;6&quot;],&quot;b178cbb6-b1dd-4a00-b3db-57f5c0123f51&quot;,&quot;8a14b0c9-3063-4488-bc3e-071f8a5e88d3&quot;]
[debug] &amp;#27;[35m[WD Proxy]&amp;#27;[39m Matched &apos;/element/b178cbb6-b1dd-4a00-b3db-57f5c0123f51/value&apos; to command name &apos;setValue&apos;
[debug] &amp;#27;[35m[Protocol Converter]&amp;#27;[39m Added &apos;value&apos; property [&quot;2&quot;,&quot;6&quot;,&quot;0&quot;,&quot;1&quot;,&quot;8&quot;,&quot;6&quot;] to &apos;setValue&apos; request body
[debug] &amp;#27;[35m[WD Proxy]&amp;#27;[39m Proxying [POST /element/b178cbb6-b1dd-4a00-b3db-57f5c0123f51/value] to [POST http://localhost:8219/wd/hub/session/9b66e457-74a8-4c0f-bc2b-823b3d69dd6f/element/b178cbb6-b1dd-4a00-b3db-57f5c0123f51/value] with body: {&quot;elementId&quot;:&quot;b178cbb6-b1dd-4a00-b3db-57f5c0123f51&quot;,&quot;text&quot;:&quot;260186&quot;,&quot;replace&quot;:false,&quot;value&quot;:[&quot;2&quot;,&quot;6&quot;,&quot;0&quot;,&quot;1&quot;,&quot;8&quot;,&quot;6&quot;]}
&amp;#27;[35m[WD Proxy]&amp;#27;[39m Got an unexpected response: {&quot;sessionId&quot;:&quot;9b66e457-74a8-4c0f-bc2b-823b3d69dd6f&quot;,&quot;status&quot;:10,&quot;value&quot;:&quot;androidx.test.uiautomator.StaleObjectException\n\tat androidx.test.uiautomator.UiObject2.getAccessibilityNodeInfo(UiObject2.java:647)\n\tat androidx.test.uiautomator.UiObject2.hashCode(UiObject2.java:105)\n\tat java.lang.Obj...
[debug] &amp;#27;[35m[MJSONWP]&amp;#27;[39m Matched JSONWP error code 10 to StaleElementReferenceError
[debug] &amp;#27;[35m[W3C (8a14b0c9)]&amp;#27;[39m Encountered internal error running command: StaleElementReferenceError: androidx.test.uiautomator.StaleObjectException
[debug] &amp;#27;[35m[W3C (8a14b0c9)]&amp;#27;[39m 	at androidx.test.uiautomator.UiObject2.getAccessibilityNodeInfo(UiObject2.java:647)
[debug] &amp;#27;[35m[W3C (8a14b0c9)]&amp;#27;[39m 	at androidx.test.uiautomator.UiObject2.hashCode(UiObject2.java:105)
[debug] &amp;#27;[35m[W3C (8a14b0c9)]&amp;#27;[39m 	at java.lang.Object.toString(Object.java:273)
[debug] &amp;#27;[35m[W3C (8a14b0c9)]&amp;#27;[39m 	at java.util.Formatter$FormatSpecifier.printString(Formatter.java:2977)
[debug] &amp;#27;[35m[W3C (8a14b0c9)]&amp;#27;[39m 	at java.util.Formatter$FormatSpecifier.print(Formatter.java:2854)
[debug] &amp;#27;[35m[W3C (8a14b0c9)]&amp;#27;[39m 	at java.util.Formatter.format(Formatter.java:2523)
[debug] &amp;#27;[35m[W3C (8a14b0c9)]&amp;#27;[39m 	at java.util.Formatter.format(Formatter.java:2458)
[debug] &amp;#27;[35m[W3C (8a14b0c9)]&amp;#27;[39m 	at java.lang.String.format(String.java:2842)
[debug] &amp;#27;[35m[W3C (8a14b0c9)]&amp;#27;[39m 	at io.appium.uiautomator2.utils.ReflectionUtils.invoke(ReflectionUtils.java:71)
[debug] &amp;#27;[35m[W3C (8a14b0c9)]&amp;#27;[39m 	at io.appium.uiautomator2.core.AccessibilityNodeInfoGetter.fromUiObject(AccessibilityNodeInfoGetter.java:47)
[debug] &amp;#27;[35m[W3C (8a14b0c9)]&amp;#27;[39m 	at io.appium.uiautomator2.core.AccessibilityNodeInfoGetter.fromUiObject(AccessibilityNodeInfoGetter.java:41)
[debug] &amp;#27;[35m[W3C (8a14b0c9)]&amp;#27;[39m 	at io.appium.uiautomator2.utils.ElementHelpers.getText(ElementHelpers.java:234)
[debug] &amp;#27;[35m[W3C (8a14b0c9)]&amp;#27;[39m 	at io.appium.uiautomator2.utils.ElementHelpers.getText(ElementHelpers.java:217)
[debug] &amp;#27;[35m[W3C (8a14b0c9)]&amp;#27;[39m 	at io.appium.uiautomator2.model.UiObject2Element.getText(UiObject2Element.java:73)
[debug] &amp;#27;[35m[W3C (8a14b0c9)]&amp;#27;[39m 	at io.appium.uiautomator2.handler.SendKeysToElement.isTextFieldNotClear(SendKeysToElement.java:48)
[debug] &amp;#27;[35m[W3C (8a14b0c9)]&amp;#27;[39m 	at io.appium.uiautomator2.handler.SendKeysToElement.safeHandle(SendKeysToElement.java:87)
[debug] &amp;#27;[35m[W3C (8a14b0c9)]&amp;#27;[39m 	at io.appium.uiautomator2.handler.request.SafeRequestHandler.handle(SafeRequestHandler.java:37)
[debug] &amp;#27;[35m[W3C (8a14b0c9)]&amp;#27;[39m 	at io.appium.uiautomator2.server.AppiumServlet.handleRequest(AppiumServlet.java:252)
[debug] &amp;#27;[35m[W3C (8a14b0c9)]&amp;#27;[39m 	at io.appium.uiautomator2.server.AppiumServlet.handleHttpRequest(AppiumServlet.java:243)
[debug] &amp;#27;[35m[W3C (8a14b0c9)]&amp;#27;[39m 	at io.appium.uiautomator2.http.ServerHandler.channelRead(ServerHandler.java:44)
[debug] &amp;#27;[35m[W3C (8a14b0c9)]&amp;#27;[39m 	at io.netty.channel.AbstractChannelHandlerContext.invokeChannelRead(AbstractChannelHandlerContext.java:366)
[debug] &amp;#27;[35m[W3C (8a14b0c9)]&amp;#27;[39m 	at io.netty.channel.AbstractChannelHandlerContext.invokeChannelRead(AbstractChannelHandlerContext.java:352)
[debug] &amp;#27;[35m[W3C (8a14b0c9)]&amp;#27;[39m 	at io.netty.channel.AbstractChannelHandlerContext.fireChannelRead(AbstractChannelHandlerContext.java:345)
[debug] &amp;#27;[35m[W3C (8a14b0c9)]&amp;#27;[39m 	at io.netty.handler.codec.MessageToMessageDecoder.channelRead(MessageToMessageDecoder.java:102)
[debug] &amp;#27;[35m[W3C (8a14b0c9)]&amp;#27;[39m 	at io.netty.channel.AbstractChannelHandlerContext.invokeChannelRead(AbstractChannelHandlerContext.java:366)
[debug] &amp;#27;[35m[W3C (8a14b0c9)]&amp;#27;[39m 	at io.netty.channel.AbstractChannelHandlerContext.invokeChannelRead(AbstractChannelHandlerContext.java:352)
[debug] &amp;#27;[35m[W3C (8a14b0c9)]&amp;#27;[39m 	at io.netty.channel.AbstractChannelHandlerContext.fireChannelRead(AbstractChannelHandlerContext.java:345)
[debug] &amp;#27;[35m[W3C (8a14b0c9)]&amp;#27;[39m 	at io.netty.channel.CombinedChannelDuplexHandler$DelegatingChannelHandlerContext.fireChannelRead(CombinedChannelDuplexHandler.java:435)
[debug] &amp;#27;[35m[W3C (8a14b0c9)]&amp;#27;[39m 	at io.netty.handler.codec.ByteToMessageDecoder.fireChannelRead(ByteToMessageDecoder.java:293)
[debug] &amp;#27;[35m[W3C (8a14b0c9)]&amp;#27;[39m 	at io.netty.handler.codec.ByteToMessageDecoder.channelRead(ByteToMessageDecoder.java:267)
[debug] &amp;#27;[35m[W3C (8a14b0c9)]&amp;#27;[39m 	at io.netty.channel.CombinedChannelDuplexHandler.channelRead(CombinedChannelDuplexHandler.java:250)
[debug] &amp;#27;[35m[W3C (8a14b0c9)]&amp;#27;[39m 	at io.netty.channel.AbstractChannelHandlerContext.invokeChannelRead(AbstractChannelHandlerContext.java:366)
[debug] &amp;#27;[35m[W3C (8a14b0c9)]&amp;#27;[39m 	at io.netty.channel.AbstractChannelHandlerContext.invokeChannelRead(AbstractChannelHandlerContext.java:352)
[debug] &amp;#27;[3</system-out>
    <system-err>Aug 18, 2019 4:33:31 PM io.appium.java_client.remote.AppiumCommandExecutor$1 lambda$0
INFO: Detected dialect: W3C
</system-err>
  </testcase>
</testsuite>