<?xml version="1.0" encoding="UTF-8"?>
<testng-results skipped="0" failed="0" ignored="0" total="1" passed="1">
  <reporter-output>
  </reporter-output>
  <suite name="Command line suite" duration-ms="43436" started-at="2019-08-18T14:19:40Z" finished-at="2019-08-18T14:20:23Z">
    <groups>
    </groups>
    <test name="Command line test" duration-ms="43436" started-at="2019-08-18T14:19:40Z" finished-at="2019-08-18T14:20:23Z">
      <class name="com.ovo.app.OVOLogin.LoginFlowTest">
        <test-method status="PASS" signature="killAllNodes()[pri:0, instance:com.ovo.app.OVOLogin.LoginFlowTest@5e4c8041]" name="killAllNodes" is-config="true" duration-ms="3018" started-at="2019-08-18T14:19:40Z" finished-at="2019-08-18T14:19:43Z">
          <reporter-output>
          </reporter-output>
        </test-method> <!-- killAllNodes -->
        <test-method status="PASS" signature="loginFlow()[pri:0, instance:com.ovo.app.OVOLogin.LoginFlowTest@5e4c8041]" name="loginFlow" duration-ms="40292" started-at="2019-08-18T14:19:43Z" finished-at="2019-08-18T14:20:23Z">
          <reporter-output>
          </reporter-output>
        </test-method> <!-- loginFlow -->
      </class> <!-- com.ovo.app.OVOLogin.LoginFlowTest -->
    </test> <!-- Command line test -->
  </suite> <!-- Command line suite -->
</testng-results>
